#
# A fatal error has been detected by the Java Runtime Environment:
#
#  EXCEPTION_ACCESS_VIOLATION (0xc0000005) at pc=0x00000254487e52d3, pid=6380, tid=8100
#
# JRE version: OpenJDK Runtime Environment Corretto-17.0.3.6.1 (17.0.3+6) (build 17.0.3+6-LTS)
# Java VM: OpenJDK 64-Bit Server VM Corretto-17.0.3.6.1 (17.0.3+6-LTS, mixed mode, sharing, tiered, compressed oops, compressed class ptrs, g1 gc, windows-amd64)
# Problematic frame:
# J 543 c2 java.nio.file.FileChannelLinesSpliterator.trySplit()Ljava/util/Spliterator; java.base@17.0.3 (272 bytes) @ 0x00000254487e52d3 [0x00000254487e5240+0x0000000000000093]
#
# No core dump will be written. Minidumps are not enabled by default on client versions of Windows
#
# If you would like to submit a bug report, please visit:
#   https://github.com/corretto/corretto-17/issues/
#

---------------  S U M M A R Y ------------

Command Line: -javaagent:C:\Program Files\JetBrains\IntelliJ IDEA 2021.2.3\lib\idea_rt.jar=61775:C:\Program Files\JetBrains\IntelliJ IDEA 2021.2.3\bin -Dfile.encoding=UTF-8 de.holube.ex.ex11.LineCounterMain

Host: Intel(R) Core(TM) i5-7400 CPU @ 3.00GHz, 4 cores, 7G,  Windows 10 , 64 bit Build 19041 (10.0.19041.1806)
Time: Sat Jul 16 22:54:16 2022 W. Europe Summer Time elapsed time: 0.556724 seconds (0d 0h 0m 0s)

---------------  T H R E A D  ---------------

Current thread (0x0000025457d87f60):  JavaThread "ForkJoinPool.commonPool-worker-3" daemon [_thread_in_Java, id=8100, stack(0x0000005806b00000,0x0000005806c00000)]

Stack: [0x0000005806b00000,0x0000005806c00000],  sp=0x0000005806bfebc0,  free space=1018k
Native frames: (J=compiled Java code, j=interpreted, Vv=VM code, C=native code)
C  0x00000254487e52d3


siginfo: EXCEPTION_ACCESS_VIOLATION (0xc0000005), reading address 0x00000254572e4082


Register to memory mapping:

RIP=0x00000254487e52d3 is at entry_point+147 in (nmethod*)0x00000254487e5090
RAX=0x000000080003f400 is a pointer to class: 
java.util.Spliterator {0x000000080003f408}
 - instance size:     2
 - klass size:        63
 - access:            public interface abstract 
 - state:             fully_initialized
 - name:              'java/util/Spliterator'
 - super:             'java/lang/Object'
 - sub:               
 - nof implementors:  2
 - arrays:            NULL
 - methods:           Array<T>(0x0000000800ab61b0)
 - method ordering:   Array<T>(0x0000000800ab6188)
 - default_methods:   Array<T>(0x0000000000000000)
 - local interfaces:  Array<T>(0x00000008005cf438)
 - trans. interfaces: Array<T>(0x00000008005cf438)
 - constants:         constant pool [85] {0x0000000800967798} for 'java/util/Spliterator' cache=0x000000080030d258
 - class loader data:  loader data: 0x0000025439251750 of 'bootstrap'
 - source file:       'Spliterator.java'
 - class annotations:       Array<T>(0x0000000000000000)
 - class type annotations:  Array<T>(0x0000000000000000)
 - field annotations:       Array<T>(0x0000000000000000)
 - field type annotations:  Array<T>(0x0000000000000000)
 - generic signature: '<T:Ljava/lang/Object;>Ljava/lang/Object;'
 - inner classes:     Array<T>(0x0000000800ab62c8)
 - nest members:     Array<T>(0x0000000800ab6178)
 - permitted subclasses:     Array<T>(0x00000008005cf3c8)
 - java mirror:       a 'java/lang/Class'{0x000000008b1c3fa0} = 'java/util/Spliterator'
 - vtable length      5  (start addr: 0x000000080003f5c8)
 - itable length      0 (start addr: 0x000000080003f5f0)
 - ---- static fields (4 words):
 - public static final 'ORDERED' 'I' @112 
 - public static final 'DISTINCT' 'I' @116 
 - public static final 'SORTED' 'I' @120 
 - public static final 'SIZED' 'I' @124 
 - public static final 'NONNULL' 'I' @128 
 - public static final 'IMMUTABLE' 'I' @132 
 - public static final 'CONCURRENT' 'I' @136 
 - public static final 'SUBSIZED' 'I' @140 
 - ---- non-static fields (0 words):
 - non-static oop maps: 
RBX=0x0000000088d768f0 is an oop: java.nio.DirectByteBufferR 
{0x0000000088d768f0} - klass: 'java/nio/DirectByteBufferR'
 - ---- fields (total size 8 words):
 - private 'mark' 'I' @12  -1 (ffffffff)
 - 'address' 'J' @16  2561263140864 (572e0000 254)
 - private 'position' 'I' @24  0
 - private 'limit' 'I' @28  18860 (49ac)
 - private 'capacity' 'I' @32  18860 (49ac)
 - final 'segment' 'Ljdk/internal/access/foreign/MemorySegmentProxy;' @36  NULL (0)
 - final 'offset' 'I' @40  0
 - 'isReadOnly' 'Z' @44  true
 - 'bigEndian' 'Z' @45  true
 - 'nativeByteOrder' 'Z' @46  false
 - final 'hb' '[B' @48  NULL (0)
 - private final 'isSync' 'Z' @47  false
 - private final 'fd' 'Ljava/io/FileDescriptor;' @52  a 'java/io/FileDescriptor'{0x0000000088d76810} (88d76810)
 - private final 'att' 'Ljava/lang/Object;' @56  NULL (0)
 - private final 'cleaner' 'Ljdk/internal/ref/Cleaner;' @60  a 'jdk/internal/ref/Cleaner'{0x0000000088d76930} (88d76930)
RCX=594992 is a compressed pointer to class: 0x0000000800091430
java.nio.DirectByteBufferR {0x0000000800091438}
 - instance size:     8
 - klass size:        160
 - access:            synchronized 
 - state:             fully_initialized
 - name:              'java/nio/DirectByteBufferR'
 - super:             'java/nio/DirectByteBuffer'
 - sub:               
 - arrays:            NULL
 - methods:           Array<T>(0x0000000800a67f88)
 - method ordering:   Array<T>(0x0000000800a67ea8)
 - default_methods:   Array<T>(0x0000000000000000)
 - local interfaces:  Array<T>(0x0000000800a67f78)
 - trans. interfaces: Array<T>(0x0000000800a67f60)
 - constants:         constant pool [269] {0x0000000800a68148} for 'java/nio/DirectByteBufferR' cache=0x00000008003aa180
 - class loader data:  loader data: 0x0000025439251750 of 'bootstrap'
 - source file:       'DirectByteBufferR.java'
 - class annotations:       Array<T>(0x0000000000000000)
 - class type annotations:  Array<T>(0x0000000000000000)
 - field annotations:       Array<T>(0x0000000000000000)
 - field type annotations:  Array<T>(0x0000000000000000)
 - inner classes:     Array<T>(0x00000008005cf3c8)
 - nest members:     Array<T>(0x00000008005cf3c8)
 - permitted subclasses:     Array<T>(0x00000008005cf3c8)
 - java mirror:       a 'java/lang/Class'{0x000000008b166580} = 'java/nio/DirectByteBufferR'
 - vtable length      91  (start addr: 0x00000008000915f8)
 - itable length      10 (start addr: 0x00000008000918d0)
 - ---- static fields (1 words):
 - static final synthetic '$assertionsDisabled' 'Z' @112 
 - ---- non-static fields (13 words):
 - private 'mark' 'I' @12 
 - 'address' 'J' @16 
 - private 'position' 'I' @24 
 - private 'limit' 'I' @28 
 - private 'capacity' 'I' @32 
 - final 'segment' 'Ljdk/internal/access/foreign/MemorySegmentProxy;' @36 
 - final 'offset' 'I' @40 
 - 'isReadOnly' 'Z' @44 
 - 'bigEndian' 'Z' @45 
 - 'nativeByteOrder' 'Z' @46 
 - final 'hb' '[B' @48 
 - private final 'isSync' 'Z' @47 
 - private final 'fd' 'Ljava/io/FileDescriptor;' @52 
 - private final 'att' 'Ljava/lang/Object;' @56 
 - private final 'cleaner' 'Ljdk/internal/ref/Cleaner;' @60 
 - non-static oop maps: 36-36 48-60 
RDX=0x00000254572e0000 points into unknown readable memory: 0x30554d4a292b0178 | 78 01 2b 29 4a 4d 55 30
RSP=0x0000005806bfebc0 is pointing into the stack for thread: 0x0000025457d87f60
RBP=0x0 is NULL
RSI=0x00000000000049ac is an unknown value
RDI=0x0000000000004082 is an unknown value
R8 =0x00000000000049ac is an unknown value
R9 =0x00000254572e0000 points into unknown readable memory:
[error occurred during error reporting (printing register info), id 0xc0000005, EXCEPTION_ACCESS_VIOLATION (0xc0000005) at pc=0x00007ffab6cc97d6]

Registers:
RAX=0x000000080003f400, RBX=0x0000000088d768f0, RCX=0x0000000000091430, RDX=0x00000254572e0000
RSP=0x0000005806bfebc0, RBP=0x0000000000000000, RSI=0x00000000000049ac, RDI=0x0000000000004082
R8 =0x00000000000049ac, R9 =0x00000254572e0000, R10=0x0000000000003759, R11=0x0000000000004082
R12=0x0000000000000000, R13=0x000000008b118b30, R14=0x0000000000000052, R15=0x0000025457d87f60
RIP=0x00000254487e52d3, EFLAGS=0x0000000000010293

Top of Stack: (sp=0x0000005806bfebc0)
0x0000005806bfebc0:   0000025441353086 00007ffab680c855
0x0000005806bfebd0:   0000000089155b88 0000025441353164
0x0000005806bfebe0:   0000000000000290 0000000088d766c8
0x0000005806bfebf0:   000000000000003e 0000025440de5150
0x0000005806bfec00:   0000025441351e90 0000025441353164
0x0000005806bfec10:   0000000000000000 000000000000003e
0x0000005806bfec20:   0000005806bff090 00000254413523bc
0x0000005806bfec30:   0000000088d3fce8 0000000000000049
0x0000005806bfec40:   fffe000001340005 00000254487e4521
0x0000005806bfec50:   000000008b1191d8 0000005806bfecc0
0x0000005806bfec60:   ffff000001370007 0000000080030000
0x0000005806bfec70:   fffe000001340005 0000000088d4f598
0x0000005806bfec80:   0000000088f7ee10 00007ffa00000000
0x0000005806bfec90:   0000c7398af103ac 00007ffab680c8b2
0x0000005806bfeca0:   0000025457d87f60 0000000000000000
0x0000005806bfecb0:   0000025457d87f60 0000000088d76a68 

Instructions: (pc=0x00000254487e52d3)
0x00000254487e51d3:   00 00 00 00 00 e0 01 00 00 02 00 00 00 ff ff ff
0x00000254487e51e3:   ff ff ff ff ff 14 60 01 f0 4c cc ff 03 02 f0 c4
0x00000254487e51f3:   cc 6a b0 16 34 9c 64 3a c1 0a 64 40 64 24 64 28
0x00000254487e5203:   64 24 64 1c 64 0c 64 0c 64 30 64 34 64 0c 64 40
0x00000254487e5213:   64 13 64 a2 f3 05 80 11 64 20 00 01 f8 5d fa 00
0x00000254487e5223:   50 00 c0 0a 64 05 64 0f 64 00 00 00 00 00 00 00
0x00000254487e5233:   00 00 00 00 00 00 00 00 00 00 00 00 00 44 8b 52
0x00000254487e5243:   08 49 bb 00 00 00 00 08 00 00 00 4d 03 d3 49 3b
0x00000254487e5253:   c2 0f 85 26 78 55 f8 66 90 0f 1f 40 00 89 84 24
0x00000254487e5263:   00 90 ff ff 55 48 83 ec 60 48 89 54 24 28 8b 6a
0x00000254487e5273:   20 85 ed 0f 85 24 08 00 00 8b 4a 1c 90 85 c9 0f
0x00000254487e5283:   84 53 05 00 00 44 8b 52 0c 44 8b 42 10 45 8b d8
0x00000254487e5293:   45 03 da 48 8b d9 41 d1 eb 8b 4b 08 90 81 f9 30
0x00000254487e52a3:   14 09 00 0f 85 a8 07 00 00 8b 6b 24 85 ed 0f 85
0x00000254487e52b3:   f5 07 00 00 8b 73 1c 66 0f 1f 44 00 00 44 3b de
0x00000254487e52c3:   0f 8d 63 07 00 00 4c 8b 4b 10 49 63 fb 49 8b d1
0x00000254487e52d3:   0f be 04 3a 45 8b cb 41 ff c1 66 66 90 83 f8 0a
0x00000254487e52e3:   0f 84 35 04 00 00 83 f8 0d 0f 84 ad 05 00 00 41
0x00000254487e52f3:   8b cb ff c9 41 3b ca 66 0f 1f 44 00 00 0f 8e d0
0x00000254487e5303:   05 00 00 c4 e1 f9 6e c3 44 89 44 24 34 44 89 54
0x00000254487e5313:   24 30 45 8b d3 45 03 d3 48 63 de 49 63 c2 4c 8b
0x00000254487e5323:   eb 49 ff cd 48 8b e8 48 81 c5 ff ff ff 7f 41 83
0x00000254487e5333:   c3 fe 45 8b cb 44 8b dd 48 83 c7 fe 48 3b fd 45
0x00000254487e5343:   8b c1 45 0f 4f c3 45 8b f0 49 63 f8 49 c7 c0 00
0x00000254487e5353:   00 00 80 49 81 fd 00 00 00 80 4d 8b cd 4d 0f 4c
0x00000254487e5363:   c8 45 8b c9 49 3b fd 45 8b c6 45 0f 4f c1 4d 63
0x00000254487e5373:   c8 4c 3b c8 45 0f 4f c2 4d 63 c8 4c 3b cd 45 0f
0x00000254487e5383:   4f c3 44 3b 44 24 30 44 8b 5c 24 30 45 0f 4c c3
0x00000254487e5393:   45 8b e8 45 33 c9 45 8b da 44 2b d9 90 44 3b 5c
0x00000254487e53a3:   24 34 0f 8d cd 06 00 00 8b f9 ff cf 85 c9 0f 8c
0x00000254487e53b3:   32 06 00 00 3b ce 0f 8d 26 06 00 00 4c 63 c1 46
0x00000254487e53c3:   0f be 04 02 41 83 f8 0a 0f 84 b3 04 00 00 41 83 


Stack slot to memory mapping:
stack at sp + 0 slots: 0x0000025441353086 is at entry_point+3910 in (nmethod*)0x0000025441351e90
stack at sp + 1 slots: 0x00007ffab680c855 jvm.dll
stack at sp + 2 slots: 0x0000000089155b88 is an oop: java.io.UncheckedIOException 
{0x0000000089155b88} - klass: 'java/io/UncheckedIOException'
 - ---- fields (total size 5 words):
 - private transient 'depth' 'I' @12  9
 - private transient 'backtrace' 'Ljava/lang/Object;' @16  a 'java/lang/Object'[6] {0x0000000089155bb0} (89155bb0)
 - private 'detailMessage' 'Ljava/lang/String;' @20  "java.nio.channels.ClosedChannelException"{0x000000008b1643e8} (8b1643e8)
 - private 'cause' 'Ljava/lang/Throwable;' @24  a 'java/nio/channels/ClosedChannelException'{0x00000000891558b8} (891558b8)
 - private 'stackTrace' '[Ljava/lang/StackTraceElement;' @28  a 'java/lang/StackTraceElement'[0] {0x000000008b1a3350} (8b1a3350)
 - private 'suppressedExceptions' 'Ljava/util/List;' @32  a 'java/util/Collections$EmptyList'{0x000000008b1a3360} (8b1a3360)
stack at sp + 3 slots: 0x0000025441353164 is at entry_point+4132 in (nmethod*)0x0000025441351e90
stack at sp + 4 slots: 0x0000000000000290 is an unknown value
stack at sp + 5 slots: 0x0000000088d766c8 is an oop: java.nio.file.FileChannelLinesSpliterator 
{0x0000000088d766c8} - klass: 'java/nio/file/FileChannelLinesSpliterator'
 - ---- fields (total size 5 words):
 - private 'index' 'I' @12  14169 (3759)
 - private final 'fence' 'I' @16  18860 (49ac)
 - private final 'fc' 'Ljava/nio/channels/FileChannel;' @20  a 'sun/nio/ch/FileChannelImpl'{0x0000000088d765c8} (88d765c8)
 - private final 'cs' 'Ljava/nio/charset/Charset;' @24  a 'sun/nio/cs/UTF_8'{0x000000008b107a80} (8b107a80)
 - private 'buffer' 'Ljava/nio/ByteBuffer;' @28  NULL (0)
 - private 'reader' 'Ljava/io/BufferedReader;' @32  NULL (0)
 - private final 'bufRefCount' 'Ljava/util/concurrent/atomic/AtomicInteger;' @36  a 'java/util/concurrent/atomic/AtomicInteger'{0x0000000088d766f0} (88d766f0)
stack at sp + 6 slots: 0x000000000000003e is an unknown value
stack at sp + 7 slots: 0x0000025440de5150 is at code_begin+80 in 
[CodeBlob (0x0000025440de5090)]
Framesize: 6
Runtime Stub (0x0000025440de5090): handle_exception_from_callee Runtime1 stub
--------------------------------------------------------------------------------
Decoding CodeBlob, name: handle_exception_from_callee Runtime1 stub, at  [0x0000025440de5100, 0x0000025440de5198]  152 bytes
[MachCode]
  0x0000025440de5100: 5548 8bec | 4883 ec20 | 4989 87d0 | 0300 0049 | 8997 d803 | 0000 4889 | 5508 498b | cfc5 f877 
  0x0000025440de5120: 4989 af98 | 0200 0049 | ba1d 51de | 4054 0200 | 004d 8997 | 9002 0000 | 4989 a788 | 0200 0048 
  0x0000025440de5140: 83e4 f049 | ba10 c880 | b6fa 7f00 | 0041 ffd2 | 49c7 8788 | 0200 0000 | 0000 0049 | c787 9802 
  0x0000025440de5160: 0000 0000 | 0000 49c7 | 8790 0200 | 0000 0000 | 00c5 f877 | 4981 7f08 | 0000 0000 | 0f84 0900 
  0x0000025440de5180: 0000 498b | 4708 e995 | d5ff ff48 | 8945 08c9 | 59ff e1c9 | c366 6690 
[/MachCode]
--------------------------------------------------------------------------------

--------------------------------------------------------------------------------
[Constant Pool (empty)]

--------------------------------------------------------------------------------

[MachCode]
  0x00000254487e5240: 448b 5208 | 49bb 0000 | 0000 0800 | 0000 4d03 | d349 3bc2 | 0f85 2678 | 55f8 6690 | 0f1f 4000 
  0x00000254487e5260: 8984 2400 | 90ff ff55 | 4883 ec60 | 4889 5424 | 288b 6a20 | 85ed 0f85 | 2408 0000 | 8b4a 1c90 
  0x00000254487e5280: 85c9 0f84 | 5305 0000 | 448b 520c | 448b 4210 | 458b d845 | 03da 488b | d941 d1eb | 8b4b 0890 
  0x00000254487e52a0: 81f9 3014 | 0900 0f85 | a807 0000 | 8b6b 2485 | ed0f 85f5 | 0700 008b | 731c 660f | 1f44 0000 
  0x00000254487e52c0: 443b de0f | 8d63 0700 | 004c 8b4b | 1049 63fb | 498b d10f | be04 3a45 | 8bcb 41ff | c166 6690 
  0x00000254487e52e0: 83f8 0a0f | 8435 0400 | 0083 f80d | 0f84 ad05 | 0000 418b | cbff c941 | 3bca 660f | 1f44 0000 
  0x00000254487e5300: 0f8e d005 | 0000 c4e1 | f96e c344 | 8944 2434 | 4489 5424 | 3045 8bd3 | 4503 d348 | 63de 4963 
  0x00000254487e5320: c24c 8beb | 49ff cd48 | 8be8 4881 | c5ff ffff | 7f41 83c3 | fe45 8bcb | 448b dd48 | 83c7 fe48 
  0x00000254487e5340: 3bfd 458b | c145 0f4f | c345 8bf0 | 4963 f849 | c7c0 0000 | 0080 4981 | fd00 0000 | 804d 8bcd 
  0x00000254487e5360: 4d0f 4cc8 | 458b c949 | 3bfd 458b | c645 0f4f | c14d 63c8 | 4c3b c845 | 0f4f c24d | 63c8 4c3b 
  0x00000254487e5380: cd45 0f4f | c344 3b44 | 2430 448b | 5c24 3045 | 0f4c c345 | 8be8 4533 | c945 8bda | 442b d990 
  0x00000254487e53a0: 443b 5c24 | 340f 8dcd | 0600 008b | f9ff cf85 | c90f 8c32 | 0600 003b | ce0f 8d26 | 0600 004c 
  0x00000254487e53c0: 63c1 460f | be04 0241 | 83f8 0a0f | 84b3 0400 | 0041 83f8 | 0d0f 8432 | 0500 000f | 1f44 0000 
  0x00000254487e53e0: 4585 db0f | 8c23 0600 | 0044 3bde | 0f8d 1606 | 0000 4d63 | c342 0fbe | 0c02 660f | 1f44 0000 
  0x00000254487e5400: 83f9 0a0f | 8400 0300 | 0083 f90d | 0f84 9702 | 0000 413b | fd7e 078b | cfe9 7bff | ffff 8974 
  0x00000254487e5420: 2420 c4c1 | 796e c948 | 8be8 482b | eb4c 6374 | 2430 488b | f048 81c6 | 0000 0080 | 4c63 5c24 
  0x00000254487e5440: 3449 2bc3 | 448b de41 | b9ff ffff | 7f41 b8ff | ffff ffb9 | ffff ff7f | 4881 f8ff | ffff 7f48 
  0x00000254487e5460: 8bd8 480f | 4fd9 4881 | fdff ffff | 7f4c 8bed | 4c0f 4fe9 | 8bdb 4c3b | f08b 4424 | 300f 4cc3 
  0x00000254487e5480: 418b cd83 | f8ff 410f | 4cc0 4c63 | c04c 3bc6 | 410f 4cc3 | 4c63 d84c | 3bdd 0f4c | c18b f083 
  0x00000254487e54a0: c603 3bc6 | 410f 4ff1 | 3bfe 0f8e | 0f01 0000 | 4c63 df4c | 8bca 4d03 | cb45 0fbe | 1966 6690 
  0x00000254487e54c0: 4183 fb0a | 0f84 a601 | 0000 4183 | fb0d 0f84 | 1e04 0000 | 458b da44 | 2bdf 4d63 | c346 0fbe 
  0x00000254487e54e0: 0402 4183 | f80a 0f84 | 1202 0000 | 4183 f80d | 0f84 a301 | 0000 450f | be49 ff0f | 1f44 0000 
  0x00000254487e5500: 4183 f90a | 0f84 6e01 | 0000 4183 | f90d 0f84 | e903 0000 | 458b c341 | ffc0 4d63 | c842 0fbe 
  0x00000254487e5520: 0c0a 83f9 | 0a0f 84db | 0100 0083 | f90d 0f84 | 6e01 0000 | 448b c741 | 83c0 fe49 | 63c8 4c8b 
  0x00000254487e5540: ca4c 03c9 | 410f be09 | 83f9 0a0f | 8422 0100 | 0083 f90d | 0f84 9b03 | 0000 458b | c341 83c0 
  0x00000254487e5560: 0249 63c8 | 0fbe 0c0a | 83f9 0a0f | 8490 0100 | 0083 f90d | 0f84 2201 | 0000 450f | be41 ff90 
  0x00000254487e5580: 4183 f80a | 0f84 f200 | 0000 4183 | f80d 0f84 | 7103 0000 | 4183 c303 | 4d63 c346 | 0fbe 0402 
  0x00000254487e55a0: 4183 f80a | 0f84 5f01 | 0000 4183 | f80d 0f84 | f100 0000 | 83c7 fc3b | fe0f 8ff1 | feff ff90 
  0x00000254487e55c0: 3b7c 2430 | 0f8e 8d00 | 0000 6690 | 458b da44 | 2bdf 443b | 5c24 340f | 8d9d 0400 | 008b efff 
  0x00000254487e55e0: cd85 ff0f | 8c02 0400 | 003b 7c24 | 200f 8df8 | 0300 004c | 63c7 460f | be0c 020f | 1f44 0000 
  0x00000254487e5600: 4183 f90a | 0f84 7500 | 0000 4183 | f90d 0f84 | 6b00 0000 | 4585 db0f | 8cf1 0300 | 0066 6690 
  0x00000254487e5620: 443b 5c24 | 200f 8de3 | 0300 004d | 63c3 460f | be04 0241 | 83f8 0a0f | 84cc 0000 | 0066 6690 
  0x00000254487e5640: 4183 f80d | 0f84 ca02 | 0000 3b6c | 2430 7e07 | 8bfd e975 | ffff ff44 | 8b54 2430 | 448b 4424 
  0x00000254487e5660: 34c4 e1f9 | 7ec3 c4c1 | 797e c9e9 | ae00 0000 | 448b c741 | 8bf8 eb07 | ffcf eb03 | 83c7 fd44 
  0x00000254487e5680: 8bcf 41ff | c144 8b54 | 2430 448b | 4424 34c4 | e1f9 7ec3 | e985 0000 | 0045 8bc3 | 458b d890 
  0x00000254487e56a0: eb03 458b | d88b 7424 | 2045 8bcb | 41ff c144 | 3b4c 2434 | 0f8d 2402 | 0000 660f | 1f44 0000 
  0x00000254487e56c0: 4585 c90f | 8c13 0400 | 0044 3bce | 0f8d 0a04 | 0000 4d63 | d142 803c | 120a 660f | 1f44 0000 
  0x00000254487e56e0: 0f85 a501 | 0000 458b | cb41 83c1 | 0244 8b54 | 2430 448b | 4424 34c4 | e1f9 7ec3 | eb20 458b 
  0x00000254487e5700: c345 8bd8 | eb03 458b | d845 8bcb | 41ff c144 | 8b54 2430 | 448b 4424 | 34c4 e1f9 | 7ec3 6690 
  0x00000254487e5720: 453b ca0f | 8e9d 0000 | 0045 3bc8 | 0f8d 9400 | 0000 498b | 8708 0100 | 004c 8bd8 | 4983 c328 
  0x00000254487e5740: 4d3b 9f18 | 0100 000f | 8358 0200 | 004d 899f | 0801 0000 | 410f 0d8b | 0001 0000 | 48c7 0001 
  0x00000254487e5760: 0000 00c7 | 4008 808a | c400 4489 | 600c 4c89 | 6010 4c89 | 6018 4c89 | 6020 4c8b | 5c24 2845 
  0x00000254487e5780: 894b 0c44 | 8948 1044 | 8950 0c45 | 8b53 1844 | 8950 1845 | 8b5b 1444 | 8958 144c | 8b54 2428 
  0x00000254487e57a0: 458b 5224 | 4489 5024 | 4c8b c344 | 8940 1c45 | 85d2 0f84 | dc02 0000 | 41bb 0100 | 0000 f045 
  0x00000254487e57c0: 0fc1 5a0c | eb02 33c0 | 4883 c460 | 5d49 3ba7 | 4003 0000 | 0f87 9503 | 0000 c348 | 8954 2420 
  0x00000254487e57e0: 6666 90e8 | f886 bef8 | 488b d841 | 807f 3800 | 0f85 2701 | 0000 4c8b | 5424 204c | 8bdb 4c8b 
  0x00000254487e5800: 4424 2045 | 8958 1c4c | 8bdb 4d33 | da49 c1eb | 144d 85db | 741f 4885 | db74 1a49 | c1ea 0948 
  0x00000254487e5820: b900 b01d | 5054 0200 | 0049 03ca | 8039 040f | 8520 0100 | 004c 8b54 | 2420 458b | 5a24 6690 
  0x00000254487e5840: 4585 db0f | 84c7 0200 | 0041 c743 | 0c01 0000 | 00f0 8344 | 24c0 0045 | 8b52 0c4c | 8b5c 2420 
  0x00000254487e5860: 458b 4310 | 458b d845 | 03da 41d1 | eb48 85db | 0f85 26fa | ffff baf6 | ffff ff41 | 8beb 90e8 
  0x00000254487e5880: 7cca 55f8 | 8bf9 e9f4 | fdff ff44 | 8b54 2430 | 448b 4424 | 34c4 e1f9 | 7ec3 e97f | feff ff90 
  0x00000254487e58a0: 453b c80f | 8d75 feff | ff45 85c9 | 0f8c 8002 | 0000 443b | ce0f 8d77 | 0200 0049 | 63c9 6690 
  0x00000254487e58c0: 803c 0a0a | 0f85 54fe | ffff 458b | cb41 83c1 | 02e9 48fe | ffff 4533 | c9e9 40fe | ffff 448b 
  0x00000254487e58e0: 5424 3044 | 8b44 2434 | c4e1 f97e | c3e9 2cfe | ffff 448b | c741 8bf8 | e982 fdff | ffff cf90 
  0x00000254487e5900: e97a fdff | ff83 c7fd | e972 fdff | ff8b f9e9 | 6bfd ffff | 8b74 2420 | e98c fdff | ff4c 8b54 
  0x00000254487e5920: 2420 458b | 5a1c 4585 | db0f 84c7 | feff ff4d | 8b57 2049 | 8bcb 4d85 | d20f 84dd | 0100 004d 
  0x00000254487e5940: 8b5f 304b | 894c 13f8 | 4983 c2f8 | 4d89 5720 | e9a1 feff | ff4d 8b57 | 404d 8b5f | 50f0 8344 
  0x00000254487e5960: 24c0 0080 | 3900 0f84 | c9fe ffff | 4488 214d | 85d2 751e | 498b d766 | 0f1f 8400 | 0000 0000 
  0x00000254487e5980: 49ba 20fb | 94b6 fa7f | 0000 41ff | d2e9 a3fe | ffff 4b89 | 4c13 f849 | 83c2 f84d | 8957 4090 
  0x00000254487e59a0: e990 feff | ff44 894c | 2424 4889 | 5c24 3044 | 8954 2420 | 488b 6c24 | 2848 ba80 | 8ac4 0008 
  0x00000254487e59c0: 0000 00e8 | b87d 60f8 | 4889 6c24 | 2844 8b54 | 2420 488b | 5c24 3044 | 8b4c 2424 | 0f1f 4000 
  0x00000254487e59e0: e995 fdff | ff8b efeb | 028b efba | 6e00 0000 | 4489 5c24 | 20c5 fb11 | 4424 40c5 | fb11 4424 
  0x00000254487e5a00: 4866 90e8 | f8c8 55f8 | 8bef eb02 | 8bef 41ff | c3ba 6e00 | 0000 4489 | 5c24 20c5 | fb11 4424 
  0x00000254487e5a20: 40c5 fb11 | 4424 48e8 | d4c8 55f8 | ba6e 0000 | 0048 8b6c | 2428 4489 | 4424 2844 | 8954 242c 
  0x00000254487e5a40: 4489 5c24 | 3048 895c | 2438 4889 | 5c24 40e8 | acc8 55f8 | bade ffff | ff48 8b6c | 2428 4489 
  0x00000254487e5a60: 4424 2844 | 8954 242c | 4889 5c24 | 3844 895c | 2434 90e8 | 88c8 55f8 | 8bf9 ba45 | ffff ff8b 
  0x00000254487e5a80: ef44 895c | 2424 c5fb | 1144 2438 | 6666 90e8 | 6cc8 55f8 | baf6 ffff | ff66 90e8 | 60c8 55f8 
  0x00000254487e5aa0: ba45 ffff | ff66 90e8 | 54c8 55f8 | ba45 ffff | ff48 ff74 | 2428 488f | 4424 2044 | 8944 2430 
  0x00000254487e5ac0: 4489 5424 | 3448 895c | 2440 4489 | 5c24 3c48 | 895c 2448 | 6666 90e8 | 24c8 55f8 | ba6e 0000 
  0x00000254487e5ae0: 0048 8b6c | 2428 4889 | 4424 f88b | 4424 3089 | 4424 2c48 | 8b44 24f8 | 4489 4c24 | 30c5 fb11 
  0x00000254487e5b00: 4424 38c5 | fb11 4424 | 4066 90e8 | f0c7 55f8 | baf6 ffff | ff66 90e8 | e4c7 55f8 | 498b d790 
  0x00000254487e5b20: 49ba 40fb | 94b6 fa7f | 0000 41ff | d2e9 c4fc | ffff ba6e | 0000 0048 | 8b6c 2428 | 4489 4424 
  0x00000254487e5b40: 2844 8954 | 242c 4489 | 4c24 3048 | 895c 2438 | 4889 5c24 | 4066 90e8 | a4c7 55f8 | 488b d090 
  0x00000254487e5b60: eb03 488b | d048 83c4 | 605d e911 | ba60 f849 | bacd 577e | 4854 0200 | 004d 8997 | 5803 0000 
  0x00000254487e5b80: e97b d855 | f8f4 f4f4 | f4f4 f4f4 | f4f4 f4f4 | f4f4 f4f4 | f4f4 f4f4 | f4f4 f4f4 | f4f4 f4f4 
  0x00000254487e5ba0: 48bb 90da | 4757 5402 | 0000 e9aa | bb55 f8e9 | cc19 60f8 | e800 0000 | 0048 832c | 2405 e9dd 
  0x00000254487e5bc0: ca55 f8f4 | f4f4 f4f4 
[/MachCode]
--------------------------------------------------------------------------------


---------------  P R O C E S S  ---------------

Threads class SMR info:
_java_thread_list=0x0000025457d876e0, length=17, elements={
0x00000254391e4ac0, 0x0000025457103750, 0x0000025457106b70, 0x0000025457119680,
0x000002545711a030, 0x000002545711a9e0, 0x000002545711b390, 0x000002545711c120,
0x000002545711f370, 0x0000025457124800, 0x00000254570ef3f0, 0x0000025457da40c0,
0x0000025457d05350, 0x0000025457d06940, 0x0000025457d095d0, 0x0000025457d87f60,
0x0000025457e21bc0
}

Java Threads: ( => current thread )
  0x00000254391e4ac0 JavaThread "main" [_thread_in_native, id=6656, stack(0x0000005805500000,0x0000005805600000)]
  0x0000025457103750 JavaThread "Reference Handler" daemon [_thread_blocked, id=6128, stack(0x0000005805c00000,0x0000005805d00000)]
  0x0000025457106b70 JavaThread "Finalizer" daemon [_thread_blocked, id=3404, stack(0x0000005805d00000,0x0000005805e00000)]
  0x0000025457119680 JavaThread "Signal Dispatcher" daemon [_thread_blocked, id=5044, stack(0x0000005805e00000,0x0000005805f00000)]
  0x000002545711a030 JavaThread "Attach Listener" daemon [_thread_blocked, id=4640, stack(0x0000005805f00000,0x0000005806000000)]
  0x000002545711a9e0 JavaThread "Service Thread" daemon [_thread_blocked, id=17000, stack(0x0000005806000000,0x0000005806100000)]
  0x000002545711b390 JavaThread "Monitor Deflation Thread" daemon [_thread_blocked, id=3692, stack(0x0000005806100000,0x0000005806200000)]
  0x000002545711c120 JavaThread "C2 CompilerThread0" daemon [_thread_blocked, id=11104, stack(0x0000005806200000,0x0000005806300000)]
  0x000002545711f370 JavaThread "C1 CompilerThread0" daemon [_thread_blocked, id=5764, stack(0x0000005806300000,0x0000005806400000)]
  0x0000025457124800 JavaThread "Sweeper thread" daemon [_thread_blocked, id=4064, stack(0x0000005806400000,0x0000005806500000)]
  0x00000254570ef3f0 JavaThread "Common-Cleaner" daemon [_thread_blocked, id=9892, stack(0x0000005806500000,0x0000005806600000)]
  0x0000025457da40c0 JavaThread "Monitor Ctrl-Break" daemon [_thread_in_native, id=15760, stack(0x0000005806600000,0x0000005806700000)]
  0x0000025457d05350 JavaThread "Notification Thread" daemon [_thread_blocked, id=15732, stack(0x0000005806700000,0x0000005806800000)]
  0x0000025457d06940 JavaThread "ForkJoinPool.commonPool-worker-1" daemon [_thread_blocked, id=8140, stack(0x0000005806900000,0x0000005806a00000)]
  0x0000025457d095d0 JavaThread "ForkJoinPool.commonPool-worker-2" daemon [_thread_blocked, id=7120, stack(0x0000005806a00000,0x0000005806b00000)]
=>0x0000025457d87f60 JavaThread "ForkJoinPool.commonPool-worker-3" daemon [_thread_in_Java, id=8100, stack(0x0000005806b00000,0x0000005806c00000)]
  0x0000025457e21bc0 JavaThread "C2 CompilerThread1" daemon [_thread_blocked, id=16796, stack(0x0000005806c00000,0x0000005806d00000)]

Other Threads:
  0x00000254570fdaf0 VMThread "VM Thread" [stack: 0x0000005805b00000,0x0000005805c00000] [id=5792]
  0x00000254391e5a70 WatcherThread [stack: 0x0000005806800000,0x0000005806900000] [id=4724]
  0x000002543923df60 GCTaskThread "GC Thread#0" [stack: 0x0000005805600000,0x0000005805700000] [id=7256]
  0x0000025457e44770 GCTaskThread "GC Thread#1" [stack: 0x0000005806d00000,0x0000005806e00000] [id=15468]
  0x0000025457fda4f0 GCTaskThread "GC Thread#2" [stack: 0x0000005806e00000,0x0000005806f00000] [id=7128]
  0x000002543924e560 ConcurrentGCThread "G1 Main Marker" [stack: 0x0000005805700000,0x0000005805800000] [id=15792]
  0x000002543924f7b0 ConcurrentGCThread "G1 Conc#0" [stack: 0x0000005805800000,0x0000005805900000] [id=13164]
  0x00000254392b9310 ConcurrentGCThread "G1 Refine#0" [stack: 0x0000005805900000,0x0000005805a00000] [id=15940]
  0x00000254392b9d30 ConcurrentGCThread "G1 Service" [stack: 0x0000005805a00000,0x0000005805b00000] [id=6420]

Threads with active compile tasks:

VM state: not at safepoint (normal execution)

VM Mutex/Monitor currently owned by a thread: None

Heap address: 0x0000000084a00000, size: 1974 MB, Compressed Oops mode: 32-bit

CDS archive(s) mapped at: [0x0000000800000000-0x0000000800bc0000-0x0000000800bc0000), size 12320768, SharedBaseAddress: 0x0000000800000000, ArchiveRelocationMode: 0.
Compressed class space mapped at: 0x0000000800c00000-0x0000000840c00000, reserved size: 1073741824
Narrow klass base: 0x0000000800000000, Narrow klass shift: 0, Narrow klass range: 0x100000000

GC Precious Log:
 CPUs: 4 total, 4 available
 Memory: 7895M
 Large Page Support: Disabled
 NUMA Support: Disabled
 Compressed Oops: Enabled (32-bit)
 Heap Region Size: 1M
 Heap Min Capacity: 8M
 Heap Initial Capacity: 124M
 Heap Max Capacity: 1974M
 Pre-touch: Disabled
 Parallel Workers: 4
 Concurrent Workers: 1
 Concurrent Refinement Workers: 4
 Periodic GC: Disabled

Heap:
 garbage-first heap   total 126976K, used 71668K [0x0000000084a00000, 0x0000000100000000)
  region size 1024K, 71 young (72704K), 1 survivors (1024K)
 Metaspace       used 1509K, committed 1664K, reserved 1056768K
  class space    used 108K, committed 192K, reserved 1048576K

Heap Regions: E=young(eden), S=young(survivor), O=old, HS=humongous(starts), HC=humongous(continues), CS=collection set, F=free, OA=open archive, CA=closed archive, TAMS=top-at-mark-start (previous, next)
|   0|0x0000000084a00000, 0x0000000084a00000, 0x0000000084b00000|  0%| F|  |TAMS 0x0000000084a00000, 0x0000000084a00000| Untracked 
|   1|0x0000000084b00000, 0x0000000084b00000, 0x0000000084c00000|  0%| F|  |TAMS 0x0000000084b00000, 0x0000000084b00000| Untracked 
|   2|0x0000000084c00000, 0x0000000084c00000, 0x0000000084d00000|  0%| F|  |TAMS 0x0000000084c00000, 0x0000000084c00000| Untracked 
|   3|0x0000000084d00000, 0x0000000084d00000, 0x0000000084e00000|  0%| F|  |TAMS 0x0000000084d00000, 0x0000000084d00000| Untracked 
|   4|0x0000000084e00000, 0x0000000084e00000, 0x0000000084f00000|  0%| F|  |TAMS 0x0000000084e00000, 0x0000000084e00000| Untracked 
|   5|0x0000000084f00000, 0x0000000084f00000, 0x0000000085000000|  0%| F|  |TAMS 0x0000000084f00000, 0x0000000084f00000| Untracked 
|   6|0x0000000085000000, 0x0000000085000000, 0x0000000085100000|  0%| F|  |TAMS 0x0000000085000000, 0x0000000085000000| Untracked 
|   7|0x0000000085100000, 0x0000000085100000, 0x0000000085200000|  0%| F|  |TAMS 0x0000000085100000, 0x0000000085100000| Untracked 
|   8|0x0000000085200000, 0x0000000085200000, 0x0000000085300000|  0%| F|  |TAMS 0x0000000085200000, 0x0000000085200000| Untracked 
|   9|0x0000000085300000, 0x0000000085300000, 0x0000000085400000|  0%| F|  |TAMS 0x0000000085300000, 0x0000000085300000| Untracked 
|  10|0x0000000085400000, 0x0000000085400000, 0x0000000085500000|  0%| F|  |TAMS 0x0000000085400000, 0x0000000085400000| Untracked 
|  11|0x0000000085500000, 0x0000000085500000, 0x0000000085600000|  0%| F|  |TAMS 0x0000000085500000, 0x0000000085500000| Untracked 
|  12|0x0000000085600000, 0x0000000085600000, 0x0000000085700000|  0%| F|  |TAMS 0x0000000085600000, 0x0000000085600000| Untracked 
|  13|0x0000000085700000, 0x0000000085700000, 0x0000000085800000|  0%| F|  |TAMS 0x0000000085700000, 0x0000000085700000| Untracked 
|  14|0x0000000085800000, 0x0000000085800000, 0x0000000085900000|  0%| F|  |TAMS 0x0000000085800000, 0x0000000085800000| Untracked 
|  15|0x0000000085900000, 0x0000000085900000, 0x0000000085a00000|  0%| F|  |TAMS 0x0000000085900000, 0x0000000085900000| Untracked 
|  16|0x0000000085a00000, 0x0000000085a00000, 0x0000000085b00000|  0%| F|  |TAMS 0x0000000085a00000, 0x0000000085a00000| Untracked 
|  17|0x0000000085b00000, 0x0000000085b00000, 0x0000000085c00000|  0%| F|  |TAMS 0x0000000085b00000, 0x0000000085b00000| Untracked 
|  18|0x0000000085c00000, 0x0000000085c00000, 0x0000000085d00000|  0%| F|  |TAMS 0x0000000085c00000, 0x0000000085c00000| Untracked 
|  19|0x0000000085d00000, 0x0000000085d00000, 0x0000000085e00000|  0%| F|  |TAMS 0x0000000085d00000, 0x0000000085d00000| Untracked 
|  20|0x0000000085e00000, 0x0000000085e00000, 0x0000000085f00000|  0%| F|  |TAMS 0x0000000085e00000, 0x0000000085e00000| Untracked 
|  21|0x0000000085f00000, 0x0000000085f00000, 0x0000000086000000|  0%| F|  |TAMS 0x0000000085f00000, 0x0000000085f00000| Untracked 
|  22|0x0000000086000000, 0x0000000086000000, 0x0000000086100000|  0%| F|  |TAMS 0x0000000086000000, 0x0000000086000000| Untracked 
|  23|0x0000000086100000, 0x0000000086100000, 0x0000000086200000|  0%| F|  |TAMS 0x0000000086100000, 0x0000000086100000| Untracked 
|  24|0x0000000086200000, 0x0000000086200000, 0x0000000086300000|  0%| F|  |TAMS 0x0000000086200000, 0x0000000086200000| Untracked 
|  25|0x0000000086300000, 0x0000000086300000, 0x0000000086400000|  0%| F|  |TAMS 0x0000000086300000, 0x0000000086300000| Untracked 
|  26|0x0000000086400000, 0x0000000086400000, 0x0000000086500000|  0%| F|  |TAMS 0x0000000086400000, 0x0000000086400000| Untracked 
|  27|0x0000000086500000, 0x0000000086500000, 0x0000000086600000|  0%| F|  |TAMS 0x0000000086500000, 0x0000000086500000| Untracked 
|  28|0x0000000086600000, 0x0000000086600000, 0x0000000086700000|  0%| F|  |TAMS 0x0000000086600000, 0x0000000086600000| Untracked 
|  29|0x0000000086700000, 0x0000000086700000, 0x0000000086800000|  0%| F|  |TAMS 0x0000000086700000, 0x0000000086700000| Untracked 
|  30|0x0000000086800000, 0x0000000086800000, 0x0000000086900000|  0%| F|  |TAMS 0x0000000086800000, 0x0000000086800000| Untracked 
|  31|0x0000000086900000, 0x0000000086900000, 0x0000000086a00000|  0%| F|  |TAMS 0x0000000086900000, 0x0000000086900000| Untracked 
|  32|0x0000000086a00000, 0x0000000086a00000, 0x0000000086b00000|  0%| F|  |TAMS 0x0000000086a00000, 0x0000000086a00000| Untracked 
|  33|0x0000000086b00000, 0x0000000086b00000, 0x0000000086c00000|  0%| F|  |TAMS 0x0000000086b00000, 0x0000000086b00000| Untracked 
|  34|0x0000000086c00000, 0x0000000086c00000, 0x0000000086d00000|  0%| F|  |TAMS 0x0000000086c00000, 0x0000000086c00000| Untracked 
|  35|0x0000000086d00000, 0x0000000086d00000, 0x0000000086e00000|  0%| F|  |TAMS 0x0000000086d00000, 0x0000000086d00000| Untracked 
|  36|0x0000000086e00000, 0x0000000086e00000, 0x0000000086f00000|  0%| F|  |TAMS 0x0000000086e00000, 0x0000000086e00000| Untracked 
|  37|0x0000000086f00000, 0x0000000086f00000, 0x0000000087000000|  0%| F|  |TAMS 0x0000000086f00000, 0x0000000086f00000| Untracked 
|  38|0x0000000087000000, 0x0000000087000000, 0x0000000087100000|  0%| F|  |TAMS 0x0000000087000000, 0x0000000087000000| Untracked 
|  39|0x0000000087100000, 0x0000000087100000, 0x0000000087200000|  0%| F|  |TAMS 0x0000000087100000, 0x0000000087100000| Untracked 
|  40|0x0000000087200000, 0x0000000087200000, 0x0000000087300000|  0%| F|  |TAMS 0x0000000087200000, 0x0000000087200000| Untracked 
|  41|0x0000000087300000, 0x0000000087300000, 0x0000000087400000|  0%| F|  |TAMS 0x0000000087300000, 0x0000000087300000| Untracked 
|  42|0x0000000087400000, 0x0000000087400000, 0x0000000087500000|  0%| F|  |TAMS 0x0000000087400000, 0x0000000087400000| Untracked 
|  43|0x0000000087500000, 0x0000000087500000, 0x0000000087600000|  0%| F|  |TAMS 0x0000000087500000, 0x0000000087500000| Untracked 
|  44|0x0000000087600000, 0x0000000087600000, 0x0000000087700000|  0%| F|  |TAMS 0x0000000087600000, 0x0000000087600000| Untracked 
|  45|0x0000000087700000, 0x0000000087700000, 0x0000000087800000|  0%| F|  |TAMS 0x0000000087700000, 0x0000000087700000| Untracked 
|  46|0x0000000087800000, 0x0000000087800000, 0x0000000087900000|  0%| F|  |TAMS 0x0000000087800000, 0x0000000087800000| Untracked 
|  47|0x0000000087900000, 0x0000000087900000, 0x0000000087a00000|  0%| F|  |TAMS 0x0000000087900000, 0x0000000087900000| Untracked 
|  48|0x0000000087a00000, 0x0000000087a00000, 0x0000000087b00000|  0%| F|  |TAMS 0x0000000087a00000, 0x0000000087a00000| Untracked 
|  49|0x0000000087b00000, 0x0000000087b00000, 0x0000000087c00000|  0%| F|  |TAMS 0x0000000087b00000, 0x0000000087b00000| Untracked 
|  50|0x0000000087c00000, 0x0000000087c00000, 0x0000000087d00000|  0%| F|  |TAMS 0x0000000087c00000, 0x0000000087c00000| Untracked 
|  51|0x0000000087d00000, 0x0000000087d00000, 0x0000000087e00000|  0%| F|  |TAMS 0x0000000087d00000, 0x0000000087d00000| Untracked 
|  52|0x0000000087e00000, 0x0000000087e00000, 0x0000000087f00000|  0%| F|  |TAMS 0x0000000087e00000, 0x0000000087e00000| Untracked 
|  53|0x0000000087f00000, 0x0000000088000000, 0x0000000088000000|100%| E|  |TAMS 0x0000000087f00000, 0x0000000087f00000| Complete 
|  54|0x0000000088000000, 0x0000000088100000, 0x0000000088100000|100%| E|CS|TAMS 0x0000000088000000, 0x0000000088000000| Complete 
|  55|0x0000000088100000, 0x0000000088200000, 0x0000000088200000|100%| E|CS|TAMS 0x0000000088100000, 0x0000000088100000| Complete 
|  56|0x0000000088200000, 0x0000000088300000, 0x0000000088300000|100%| E|CS|TAMS 0x0000000088200000, 0x0000000088200000| Complete 
|  57|0x0000000088300000, 0x0000000088400000, 0x0000000088400000|100%| E|CS|TAMS 0x0000000088300000, 0x0000000088300000| Complete 
|  58|0x0000000088400000, 0x0000000088500000, 0x0000000088500000|100%| E|CS|TAMS 0x0000000088400000, 0x0000000088400000| Complete 
|  59|0x0000000088500000, 0x0000000088600000, 0x0000000088600000|100%| E|CS|TAMS 0x0000000088500000, 0x0000000088500000| Complete 
|  60|0x0000000088600000, 0x0000000088700000, 0x0000000088700000|100%| E|CS|TAMS 0x0000000088600000, 0x0000000088600000| Complete 
|  61|0x0000000088700000, 0x0000000088800000, 0x0000000088800000|100%| E|CS|TAMS 0x0000000088700000, 0x0000000088700000| Complete 
|  62|0x0000000088800000, 0x0000000088900000, 0x0000000088900000|100%| E|CS|TAMS 0x0000000088800000, 0x0000000088800000| Complete 
|  63|0x0000000088900000, 0x0000000088a00000, 0x0000000088a00000|100%| E|CS|TAMS 0x0000000088900000, 0x0000000088900000| Complete 
|  64|0x0000000088a00000, 0x0000000088b00000, 0x0000000088b00000|100%| E|CS|TAMS 0x0000000088a00000, 0x0000000088a00000| Complete 
|  65|0x0000000088b00000, 0x0000000088c00000, 0x0000000088c00000|100%| E|CS|TAMS 0x0000000088b00000, 0x0000000088b00000| Complete 
|  66|0x0000000088c00000, 0x0000000088d00000, 0x0000000088d00000|100%| E|CS|TAMS 0x0000000088c00000, 0x0000000088c00000| Complete 
|  67|0x0000000088d00000, 0x0000000088e00000, 0x0000000088e00000|100%| E|CS|TAMS 0x0000000088d00000, 0x0000000088d00000| Complete 
|  68|0x0000000088e00000, 0x0000000088f00000, 0x0000000088f00000|100%| E|CS|TAMS 0x0000000088e00000, 0x0000000088e00000| Complete 
|  69|0x0000000088f00000, 0x0000000089000000, 0x0000000089000000|100%| E|CS|TAMS 0x0000000088f00000, 0x0000000088f00000| Complete 
|  70|0x0000000089000000, 0x0000000089100000, 0x0000000089100000|100%| E|CS|TAMS 0x0000000089000000, 0x0000000089000000| Complete 
|  71|0x0000000089100000, 0x0000000089200000, 0x0000000089200000|100%| E|CS|TAMS 0x0000000089100000, 0x0000000089100000| Complete 
|  72|0x0000000089200000, 0x0000000089300000, 0x0000000089300000|100%| E|CS|TAMS 0x0000000089200000, 0x0000000089200000| Complete 
|  73|0x0000000089300000, 0x0000000089400000, 0x0000000089400000|100%| E|CS|TAMS 0x0000000089300000, 0x0000000089300000| Complete 
|  74|0x0000000089400000, 0x0000000089500000, 0x0000000089500000|100%| E|CS|TAMS 0x0000000089400000, 0x0000000089400000| Complete 
|  75|0x0000000089500000, 0x0000000089600000, 0x0000000089600000|100%| E|CS|TAMS 0x0000000089500000, 0x0000000089500000| Complete 
|  76|0x0000000089600000, 0x0000000089700000, 0x0000000089700000|100%| E|CS|TAMS 0x0000000089600000, 0x0000000089600000| Complete 
|  77|0x0000000089700000, 0x0000000089800000, 0x0000000089800000|100%| E|CS|TAMS 0x0000000089700000, 0x0000000089700000| Complete 
|  78|0x0000000089800000, 0x0000000089900000, 0x0000000089900000|100%| E|CS|TAMS 0x0000000089800000, 0x0000000089800000| Complete 
|  79|0x0000000089900000, 0x0000000089a00000, 0x0000000089a00000|100%| E|CS|TAMS 0x0000000089900000, 0x0000000089900000| Complete 
|  80|0x0000000089a00000, 0x0000000089b00000, 0x0000000089b00000|100%| E|CS|TAMS 0x0000000089a00000, 0x0000000089a00000| Complete 
|  81|0x0000000089b00000, 0x0000000089c00000, 0x0000000089c00000|100%| E|CS|TAMS 0x0000000089b00000, 0x0000000089b00000| Complete 
|  82|0x0000000089c00000, 0x0000000089d00000, 0x0000000089d00000|100%| E|CS|TAMS 0x0000000089c00000, 0x0000000089c00000| Complete 
|  83|0x0000000089d00000, 0x0000000089e00000, 0x0000000089e00000|100%| E|CS|TAMS 0x0000000089d00000, 0x0000000089d00000| Complete 
|  84|0x0000000089e00000, 0x0000000089f00000, 0x0000000089f00000|100%| E|CS|TAMS 0x0000000089e00000, 0x0000000089e00000| Complete 
|  85|0x0000000089f00000, 0x000000008a000000, 0x000000008a000000|100%| E|CS|TAMS 0x0000000089f00000, 0x0000000089f00000| Complete 
|  86|0x000000008a000000, 0x000000008a100000, 0x000000008a100000|100%| E|CS|TAMS 0x000000008a000000, 0x000000008a000000| Complete 
|  87|0x000000008a100000, 0x000000008a200000, 0x000000008a200000|100%| E|CS|TAMS 0x000000008a100000, 0x000000008a100000| Complete 
|  88|0x000000008a200000, 0x000000008a300000, 0x000000008a300000|100%| E|CS|TAMS 0x000000008a200000, 0x000000008a200000| Complete 
|  89|0x000000008a300000, 0x000000008a400000, 0x000000008a400000|100%| E|CS|TAMS 0x000000008a300000, 0x000000008a300000| Complete 
|  90|0x000000008a400000, 0x000000008a500000, 0x000000008a500000|100%| E|CS|TAMS 0x000000008a400000, 0x000000008a400000| Complete 
|  91|0x000000008a500000, 0x000000008a600000, 0x000000008a600000|100%| E|CS|TAMS 0x000000008a500000, 0x000000008a500000| Complete 
|  92|0x000000008a600000, 0x000000008a700000, 0x000000008a700000|100%| E|CS|TAMS 0x000000008a600000, 0x000000008a600000| Complete 
|  93|0x000000008a700000, 0x000000008a800000, 0x000000008a800000|100%| E|CS|TAMS 0x000000008a700000, 0x000000008a700000| Complete 
|  94|0x000000008a800000, 0x000000008a900000, 0x000000008a900000|100%| E|CS|TAMS 0x000000008a800000, 0x000000008a800000| Complete 
|  95|0x000000008a900000, 0x000000008aa00000, 0x000000008aa00000|100%| E|CS|TAMS 0x000000008a900000, 0x000000008a900000| Complete 
|  96|0x000000008aa00000, 0x000000008ab00000, 0x000000008ab00000|100%| E|CS|TAMS 0x000000008aa00000, 0x000000008aa00000| Complete 
|  97|0x000000008ab00000, 0x000000008ac00000, 0x000000008ac00000|100%| E|CS|TAMS 0x000000008ab00000, 0x000000008ab00000| Complete 
|  98|0x000000008ac00000, 0x000000008ad00000, 0x000000008ad00000|100%| E|CS|TAMS 0x000000008ac00000, 0x000000008ac00000| Complete 
|  99|0x000000008ad00000, 0x000000008ae00000, 0x000000008ae00000|100%| E|CS|TAMS 0x000000008ad00000, 0x000000008ad00000| Complete 
| 100|0x000000008ae00000, 0x000000008af00000, 0x000000008af00000|100%| E|CS|TAMS 0x000000008ae00000, 0x000000008ae00000| Complete 
| 101|0x000000008af00000, 0x000000008b000000, 0x000000008b000000|100%| E|CS|TAMS 0x000000008af00000, 0x000000008af00000| Complete 
| 102|0x000000008b000000, 0x000000008b100000, 0x000000008b100000|100%| E|CS|TAMS 0x000000008b000000, 0x000000008b000000| Complete 
| 103|0x000000008b100000, 0x000000008b1fd2a0, 0x000000008b200000| 98%| S|CS|TAMS 0x000000008b100000, 0x000000008b100000| Complete 
| 104|0x000000008b200000, 0x000000008b300000, 0x000000008b300000|100%| E|CS|TAMS 0x000000008b200000, 0x000000008b200000| Complete 
| 105|0x000000008b300000, 0x000000008b400000, 0x000000008b400000|100%| E|CS|TAMS 0x000000008b300000, 0x000000008b300000| Complete 
| 106|0x000000008b400000, 0x000000008b500000, 0x000000008b500000|100%| E|CS|TAMS 0x000000008b400000, 0x000000008b400000| Complete 
| 107|0x000000008b500000, 0x000000008b600000, 0x000000008b600000|100%| E|CS|TAMS 0x000000008b500000, 0x000000008b500000| Complete 
| 108|0x000000008b600000, 0x000000008b700000, 0x000000008b700000|100%| E|CS|TAMS 0x000000008b600000, 0x000000008b600000| Complete 
| 109|0x000000008b700000, 0x000000008b800000, 0x000000008b800000|100%| E|CS|TAMS 0x000000008b700000, 0x000000008b700000| Complete 
| 110|0x000000008b800000, 0x000000008b900000, 0x000000008b900000|100%| E|CS|TAMS 0x000000008b800000, 0x000000008b800000| Complete 
| 111|0x000000008b900000, 0x000000008ba00000, 0x000000008ba00000|100%| E|CS|TAMS 0x000000008b900000, 0x000000008b900000| Complete 
| 112|0x000000008ba00000, 0x000000008bb00000, 0x000000008bb00000|100%| E|CS|TAMS 0x000000008ba00000, 0x000000008ba00000| Complete 
| 113|0x000000008bb00000, 0x000000008bc00000, 0x000000008bc00000|100%| E|CS|TAMS 0x000000008bb00000, 0x000000008bb00000| Complete 
| 114|0x000000008bc00000, 0x000000008bd00000, 0x000000008bd00000|100%| E|CS|TAMS 0x000000008bc00000, 0x000000008bc00000| Complete 
| 115|0x000000008bd00000, 0x000000008be00000, 0x000000008be00000|100%| E|CS|TAMS 0x000000008bd00000, 0x000000008bd00000| Complete 
| 116|0x000000008be00000, 0x000000008bf00000, 0x000000008bf00000|100%| E|CS|TAMS 0x000000008be00000, 0x000000008be00000| Complete 
| 117|0x000000008bf00000, 0x000000008c000000, 0x000000008c000000|100%| E|CS|TAMS 0x000000008bf00000, 0x000000008bf00000| Complete 
| 118|0x000000008c000000, 0x000000008c100000, 0x000000008c100000|100%| E|CS|TAMS 0x000000008c000000, 0x000000008c000000| Complete 
| 119|0x000000008c100000, 0x000000008c200000, 0x000000008c200000|100%| E|CS|TAMS 0x000000008c100000, 0x000000008c100000| Complete 
| 120|0x000000008c200000, 0x000000008c300000, 0x000000008c300000|100%| E|CS|TAMS 0x000000008c200000, 0x000000008c200000| Complete 
| 121|0x000000008c300000, 0x000000008c400000, 0x000000008c400000|100%| E|CS|TAMS 0x000000008c300000, 0x000000008c300000| Complete 
| 122|0x000000008c400000, 0x000000008c500000, 0x000000008c500000|100%| E|CS|TAMS 0x000000008c400000, 0x000000008c400000| Complete 
| 123|0x000000008c500000, 0x000000008c600000, 0x000000008c600000|100%| E|CS|TAMS 0x000000008c500000, 0x000000008c500000| Complete 

Card table byte_map: [0x0000025450600000,0x00000254509e0000] _byte_map_base: 0x00000254501db000

Marking Bits (Prev, Next): (CMBitMap*) 0x000002543923e570, (CMBitMap*) 0x000002543923e5b0
 Prev Bits: [0x0000025450dc0000, 0x0000025452c98000)
 Next Bits: [0x0000025452ca0000, 0x0000025454b78000)

Polling page: 0x00000254377b0000

Metaspace:

Usage:
  Non-class:      1.37 MB used.
      Class:    108.16 KB used.
       Both:      1.47 MB used.

Virtual space:
  Non-class space:        8.00 MB reserved,       1.44 MB ( 18%) committed,  1 nodes.
      Class space:        1.00 GB reserved,     192.00 KB ( <1%) committed,  1 nodes.
             Both:        1.01 GB reserved,       1.63 MB ( <1%) committed. 

Chunk freelists:
   Non-Class:  3.96 MB
       Class:  3.73 MB
        Both:  7.69 MB

MaxMetaspaceSize: unlimited
CompressedClassSpaceSize: 1.00 GB
Initial GC threshold: 21.00 MB
Current GC threshold: 21.00 MB
CDS: on
MetaspaceReclaimPolicy: balanced
 - commit_granule_bytes: 65536.
 - commit_granule_words: 8192.
 - virtual_space_node_default_size: 1048576.
 - enlarge_chunks_in_place: 1.
 - new_chunks_are_fully_committed: 0.
 - uncommit_free_chunks: 1.
 - use_allocation_guard: 0.
 - handle_deallocations: 1.


Internal statistics:

num_allocs_failed_limit: 0.
num_arena_births: 18.
num_arena_deaths: 0.
num_vsnodes_births: 2.
num_vsnodes_deaths: 0.
num_space_committed: 26.
num_space_uncommitted: 0.
num_chunks_returned_to_freelist: 0.
num_chunks_taken_from_freelist: 30.
num_chunk_merges: 0.
num_chunk_splits: 15.
num_chunks_enlarged: 3.
num_purges: 0.
num_inconsistent_stats: 0.

CodeHeap 'non-profiled nmethods': size=120000Kb used=295Kb max_used=295Kb free=119705Kb
 bounds [0x00000254487c0000, 0x0000025448a30000, 0x000002544fcf0000]
CodeHeap 'profiled nmethods': size=120000Kb used=1617Kb max_used=1617Kb free=118382Kb
 bounds [0x0000025441290000, 0x0000025441500000, 0x00000254487c0000]
CodeHeap 'non-nmethods': size=5760Kb used=1126Kb max_used=1157Kb free=4633Kb
 bounds [0x0000025440cf0000, 0x0000025440f60000, 0x0000025441290000]
 total_blobs=1323 nmethods=916 adapters=320
 compilation: enabled
              stopped_count=0, restarted_count=0
 full_count=0

Compilation events (20 events):
Event: 0.526 Thread 0x000002545711f370 nmethod 884 0x000002544141c110 code [0x000002544141c2a0, 0x000002544141c468]
Event: 0.526 Thread 0x000002545711f370  885   !   3       sun.nio.ch.FileChannelImpl$Unmapper::unmap (56 bytes)
Event: 0.526 Thread 0x000002545711f370 nmethod 885 0x000002544141c510 code [0x000002544141c740, 0x000002544141d018]
Event: 0.526 Thread 0x000002545711f370  890       3       java.nio.file.Files$$Lambda$19/0x0000000800c4f2f8::run (8 bytes)
Event: 0.527 Thread 0x000002545711f370 nmethod 890 0x000002544141d310 code [0x000002544141d4c0, 0x000002544141d6c8]
Event: 0.527 Thread 0x000002545711f370  887       3       sun.nio.ch.FileDispatcherImpl::close (10 bytes)
Event: 0.527 Thread 0x000002545711f370 nmethod 887 0x000002544141d810 code [0x000002544141da00, 0x000002544141df78]
Event: 0.527 Thread 0x000002545711f370  888   !   3       sun.nio.ch.FileChannelImpl$DefaultUnmapper::decrementStats (46 bytes)
Event: 0.527 Thread 0x000002545711f370 nmethod 888 0x000002544141e190 code [0x000002544141e340, 0x000002544141e5b8]
Event: 0.527 Thread 0x000002545711f370  889   !   3       java.util.stream.Streams$1::run (47 bytes)
Event: 0.527 Thread 0x000002545711f370 nmethod 889 0x000002544141e690 code [0x000002544141e860, 0x000002544141ecb8]
Event: 0.527 Thread 0x000002545711f370  891       3       java.nio.file.Files::lambda$createFileChannelLinesStream$4 (5 bytes)
Event: 0.527 Thread 0x000002545711f370 nmethod 891 0x000002544141ee90 code [0x000002544141f040, 0x000002544141f1c8]
Event: 0.527 Thread 0x000002545711f370  892       3       java.nio.file.FileChannelLinesSpliterator::close (5 bytes)
Event: 0.527 Thread 0x000002545711f370 nmethod 892 0x000002544141f290 code [0x000002544141f420, 0x000002544141f568]
Event: 0.531 Thread 0x0000025457e21bc0  893       4       java.io.WinNTFileSystem::normalize (143 bytes)
Event: 0.533 Thread 0x0000025457e21bc0 nmethod 893 0x00000254487ff190 code [0x00000254487ff320, 0x00000254487ff5c8]
Event: 0.534 Thread 0x0000025457e21bc0  894       4       java.lang.AbstractStringBuilder::checkRange (63 bytes)
Event: 0.535 Thread 0x0000025457e21bc0 nmethod 894 0x00000254487ff810 code [0x00000254487ff980, 0x00000254487ffa38]
Event: 0.544 Thread 0x0000025457e21bc0  895 %     4       sun.nio.fs.WindowsPathParser::normalize @ 18 (233 bytes)

GC Heap History (4 events):
Event: 0.196 GC heap before
{Heap before GC invocations=0 (full 0):
 garbage-first heap   total 126976K, used 13312K [0x0000000084a00000, 0x0000000100000000)
  region size 1024K, 13 young (13312K), 0 survivors (0K)
 Metaspace       used 1221K, committed 1344K, reserved 1056768K
  class space    used 108K, committed 192K, reserved 1048576K
}
Event: 0.200 GC heap after
{Heap after GC invocations=1 (full 0):
 garbage-first heap   total 126976K, used 848K [0x0000000084a00000, 0x0000000100000000)
  region size 1024K, 1 young (1024K), 1 survivors (1024K)
 Metaspace       used 1221K, committed 1344K, reserved 1056768K
  class space    used 108K, committed 192K, reserved 1048576K
}
Event: 0.363 GC heap before
{Heap before GC invocations=1 (full 0):
 garbage-first heap   total 126976K, used 19280K [0x0000000084a00000, 0x0000000100000000)
  region size 1024K, 20 young (20480K), 1 survivors (1024K)
 Metaspace       used 1360K, committed 1536K, reserved 1056768K
  class space    used 108K, committed 192K, reserved 1048576K
}
Event: 0.364 GC heap after
{Heap after GC invocations=2 (full 0):
 garbage-first heap   total 126976K, used 1012K [0x0000000084a00000, 0x0000000100000000)
  region size 1024K, 1 young (1024K), 1 survivors (1024K)
 Metaspace       used 1360K, committed 1536K, reserved 1056768K
  class space    used 108K, committed 192K, reserved 1048576K
}

Deoptimization events (20 events):
Event: 0.191 Thread 0x00000254391e4ac0 DEOPT PACKING pc=0x00000254487d9768 sp=0x00000058055fd370
Event: 0.191 Thread 0x00000254391e4ac0 DEOPT UNPACKING pc=0x0000025440d423a3 sp=0x00000058055fd2f0 mode 2
Event: 0.212 Thread 0x0000025457d06940 DEOPT PACKING pc=0x00000254412f49a9 sp=0x00000058069fe410
Event: 0.212 Thread 0x0000025457d06940 DEOPT UNPACKING pc=0x0000025440d42b43 sp=0x00000058069fd838 mode 0
Event: 0.235 Thread 0x0000025457d87f60 DEOPT PACKING pc=0x00000254412d53d6 sp=0x0000005806bfe470
Event: 0.235 Thread 0x0000025457d87f60 DEOPT UNPACKING pc=0x0000025440d42b43 sp=0x0000005806bfd8f8 mode 0
Event: 0.259 Thread 0x00000254391e4ac0 DEOPT PACKING pc=0x00000254412b91e7 sp=0x00000058055fd880
Event: 0.259 Thread 0x00000254391e4ac0 DEOPT UNPACKING pc=0x0000025440d42b43 sp=0x00000058055fcca0 mode 0
Event: 0.469 Thread 0x00000254391e4ac0 DEOPT PACKING pc=0x0000025441322a7e sp=0x00000058055fe170
Event: 0.469 Thread 0x00000254391e4ac0 DEOPT UNPACKING pc=0x0000025440d42b43 sp=0x00000058055fd5e0 mode 0
Event: 0.503 Thread 0x00000254391e4ac0 Uncommon trap: trap_request=0xffffff45 fr.pc=0x00000254487f3f50 relative=0x0000000000001370
Event: 0.503 Thread 0x00000254391e4ac0 Uncommon trap: reason=unstable_if action=reinterpret pc=0x00000254487f3f50 method=sun.nio.cs.UTF_8$Decoder.decodeArrayLoop(Ljava/nio/ByteBuffer;Ljava/nio/CharBuffer;)Ljava/nio/charset/CoderResult; @ 181 c2
Event: 0.503 Thread 0x00000254391e4ac0 DEOPT PACKING pc=0x00000254487f3f50 sp=0x00000058055fd740
Event: 0.503 Thread 0x00000254391e4ac0 DEOPT UNPACKING pc=0x0000025440d423a3 sp=0x00000058055fd6a8 mode 2
Event: 0.504 Thread 0x00000254391e4ac0 DEOPT PACKING pc=0x0000025441366b03 sp=0x00000058055fdc20
Event: 0.504 Thread 0x00000254391e4ac0 DEOPT UNPACKING pc=0x0000025440d42b43 sp=0x00000058055fd090 mode 0
Event: 0.511 Thread 0x00000254391e4ac0 DEOPT PACKING pc=0x00000254412b784e sp=0x00000058055fdf30
Event: 0.511 Thread 0x00000254391e4ac0 DEOPT UNPACKING pc=0x0000025440d42b43 sp=0x00000058055fd378 mode 0
Event: 0.531 Thread 0x00000254391e4ac0 DEOPT PACKING pc=0x000002544133c108 sp=0x00000058055fe3d0
Event: 0.531 Thread 0x00000254391e4ac0 DEOPT UNPACKING pc=0x0000025440d42b43 sp=0x00000058055fd8d8 mode 0

Classes unloaded (0 events):
No events

Classes redefined (0 events):
No events

Internal exceptions (5 events):
Event: 0.120 Thread 0x00000254391e4ac0 Exception <a 'java/lang/NoSuchMethodError'{0x000000008c4b9300}: 'long java.lang.invoke.DirectMethodHandle$Holder.invokeStatic(java.lang.Object, java.lang.Object, java.lang.Object)'> (0x000000008c4b9300) 
thrown [c:\wsjdk\corretto17src\installers\windows\zip\corretto-build\buildroot\src\hotspot\share\interpreter\linkResolver.cpp, line 766]
Event: 0.120 Thread 0x0000025457da40c0 Exception <a 'java/lang/NoSuchMethodError'{0x000000008c4cd040}: 'java.lang.Object java.lang.invoke.DirectMethodHandle$Holder.invokeStaticInit(java.lang.Object)'> (0x000000008c4cd040) 
thrown [c:\wsjdk\corretto17src\installers\windows\zip\corretto-build\buildroot\src\hotspot\share\interpreter\linkResolver.cpp, line 766]
Event: 0.128 Thread 0x0000025457da40c0 Exception <a 'java/lang/NoSuchMethodError'{0x000000008c4dacb8}: 'void java.lang.invoke.DirectMethodHandle$Holder.invokeStatic(java.lang.Object, java.lang.Object)'> (0x000000008c4dacb8) 
thrown [c:\wsjdk\corretto17src\installers\windows\zip\corretto-build\buildroot\src\hotspot\share\interpreter\linkResolver.cpp, line 766]
Event: 0.128 Thread 0x00000254391e4ac0 Exception <a 'java/lang/NoSuchMethodError'{0x000000008c4c5160}: 'void java.lang.invoke.DirectMethodHandle$Holder.invokeStatic(java.lang.Object, java.lang.Object)'> (0x000000008c4c5160) 
thrown [c:\wsjdk\corretto17src\installers\windows\zip\corretto-build\buildroot\src\hotspot\share\interpreter\linkResolver.cpp, line 766]
Event: 0.133 Thread 0x00000254391e4ac0 Exception <a 'java/lang/NoSuchMethodError'{0x000000008c30e488}: 'java.lang.Object java.lang.invoke.Invokers$Holder.invoke_MT(java.lang.Object, java.lang.Object, java.lang.Object)'> (0x000000008c30e488) 
thrown [c:\wsjdk\corretto17src\installers\windows\zip\corretto-build\buildroot\src\hotspot\share\interpreter\linkResolver.cpp, line 766]

VM Operations (8 events):
Event: 0.088 Executing VM operation: HandshakeAllThreads
Event: 0.088 Executing VM operation: HandshakeAllThreads done
Event: 0.119 Executing VM operation: HandshakeAllThreads
Event: 0.119 Executing VM operation: HandshakeAllThreads done
Event: 0.196 Executing VM operation: G1CollectForAllocation
Event: 0.201 Executing VM operation: G1CollectForAllocation done
Event: 0.363 Executing VM operation: G1CollectForAllocation
Event: 0.364 Executing VM operation: G1CollectForAllocation done

Events (20 events):
Event: 0.157 loading class jdk/internal/reflect/ByteVector
Event: 0.157 loading class jdk/internal/reflect/ByteVector done
Event: 0.157 loading class jdk/internal/reflect/ByteVectorImpl done
Event: 0.157 loading class jdk/internal/reflect/ClassFileAssembler
Event: 0.157 loading class jdk/internal/reflect/ClassFileAssembler done
Event: 0.157 loading class jdk/internal/reflect/UTF8
Event: 0.157 loading class jdk/internal/reflect/UTF8 done
Event: 0.158 loading class jdk/internal/reflect/Label
Event: 0.158 loading class jdk/internal/reflect/Label done
Event: 0.158 loading class jdk/internal/reflect/Label$PatchInfo
Event: 0.158 loading class jdk/internal/reflect/Label$PatchInfo done
Event: 0.158 loading class jdk/internal/reflect/MethodAccessorGenerator$1
Event: 0.158 loading class jdk/internal/reflect/MethodAccessorGenerator$1 done
Event: 0.158 loading class jdk/internal/reflect/ClassDefiner
Event: 0.158 loading class jdk/internal/reflect/ClassDefiner done
Event: 0.158 loading class jdk/internal/reflect/ClassDefiner$1
Event: 0.158 loading class jdk/internal/reflect/ClassDefiner$1 done
Event: 0.158 loading class jdk/internal/reflect/BootstrapConstructorAccessorImpl
Event: 0.158 loading class jdk/internal/reflect/BootstrapConstructorAccessorImpl done
Event: 0.179 Thread 0x0000025457e21bc0 Thread added: 0x0000025457e21bc0


Dynamic libraries:
0x00007ff6c4810000 - 0x00007ff6c481d000 	C:\Users\Tilman\.jdks\corretto-17.0.3\bin\java.exe
0x00007ffb07050000 - 0x00007ffb07248000 	C:\WINDOWS\SYSTEM32\ntdll.dll
0x00007ffb06300000 - 0x00007ffb063bd000 	C:\WINDOWS\System32\KERNEL32.DLL
0x00007ffb04c50000 - 0x00007ffb04f1e000 	C:\WINDOWS\System32\KERNELBASE.dll
0x00007ffb04940000 - 0x00007ffb04a40000 	C:\WINDOWS\System32\ucrtbase.dll
0x00007ffafdd10000 - 0x00007ffafdd25000 	C:\Users\Tilman\.jdks\corretto-17.0.3\bin\VCRUNTIME140.dll
0x00007ffaf39a0000 - 0x00007ffaf39b8000 	C:\Users\Tilman\.jdks\corretto-17.0.3\bin\jli.dll
0x00007ffb060c0000 - 0x00007ffb06260000 	C:\WINDOWS\System32\USER32.dll
0x00007ffaf4430000 - 0x00007ffaf46ca000 	C:\WINDOWS\WinSxS\amd64_microsoft.windows.common-controls_6595b64144ccf1df_6.0.19041.1110_none_60b5254171f9507e\COMCTL32.dll
0x00007ffb04770000 - 0x00007ffb04792000 	C:\WINDOWS\System32\win32u.dll
0x00007ffb06020000 - 0x00007ffb060be000 	C:\WINDOWS\System32\msvcrt.dll
0x00007ffb05fe0000 - 0x00007ffb0600a000 	C:\WINDOWS\System32\GDI32.dll
0x00007ffb04a40000 - 0x00007ffb04b4b000 	C:\WINDOWS\System32\gdi32full.dll
0x00007ffb047a0000 - 0x00007ffb0483d000 	C:\WINDOWS\System32\msvcp_win.dll
0x00007ffb05c00000 - 0x00007ffb05c30000 	C:\WINDOWS\System32\IMM32.DLL
0x00007ffadf140000 - 0x00007ffadf1db000 	C:\Users\Tilman\.jdks\corretto-17.0.3\bin\msvcp140.dll
0x00007ffab6690000 - 0x00007ffab72ab000 	C:\Users\Tilman\.jdks\corretto-17.0.3\bin\server\jvm.dll
0x00007ffb05780000 - 0x00007ffb0582e000 	C:\WINDOWS\System32\ADVAPI32.dll
0x00007ffb06260000 - 0x00007ffb062fc000 	C:\WINDOWS\System32\sechost.dll
0x00007ffb05d00000 - 0x00007ffb05e25000 	C:\WINDOWS\System32\RPCRT4.dll
0x00007ffb06010000 - 0x00007ffb06018000 	C:\WINDOWS\System32\PSAPI.DLL
0x00007ffb01d50000 - 0x00007ffb01d59000 	C:\WINDOWS\SYSTEM32\WSOCK32.dll
0x00007ffafe960000 - 0x00007ffafe96a000 	C:\WINDOWS\SYSTEM32\VERSION.dll
0x00007ffb06fa0000 - 0x00007ffb0700b000 	C:\WINDOWS\System32\WS2_32.dll
0x00007ffafc2d0000 - 0x00007ffafc2f7000 	C:\WINDOWS\SYSTEM32\WINMM.dll
0x00007ffb02690000 - 0x00007ffb026a2000 	C:\WINDOWS\SYSTEM32\kernel.appcore.dll
0x00007ffaf3a90000 - 0x00007ffaf3a9a000 	C:\Users\Tilman\.jdks\corretto-17.0.3\bin\jimage.dll
0x00007ffafa870000 - 0x00007ffafaa54000 	C:\WINDOWS\SYSTEM32\DBGHELP.DLL
0x00007ffaecf50000 - 0x00007ffaecf7c000 	C:\WINDOWS\SYSTEM32\dbgcore.DLL
0x00007ffb04b50000 - 0x00007ffb04bd2000 	C:\WINDOWS\System32\bcryptPrimitives.dll
0x00007ffaf3990000 - 0x00007ffaf399e000 	C:\Users\Tilman\.jdks\corretto-17.0.3\bin\instrument.dll
0x00007ffaf3910000 - 0x00007ffaf3935000 	C:\Users\Tilman\.jdks\corretto-17.0.3\bin\java.dll
0x00007ffadf060000 - 0x00007ffadf136000 	C:\Users\Tilman\.jdks\corretto-17.0.3\bin\jsvml.dll
0x00007ffb06420000 - 0x00007ffb06b64000 	C:\WINDOWS\System32\SHELL32.dll
0x00007ffb02890000 - 0x00007ffb03024000 	C:\WINDOWS\SYSTEM32\windows.storage.dll
0x00007ffb06c20000 - 0x00007ffb06f74000 	C:\WINDOWS\System32\combase.dll
0x00007ffb041d0000 - 0x00007ffb04200000 	C:\WINDOWS\SYSTEM32\Wldp.dll
0x00007ffb06b70000 - 0x00007ffb06c1d000 	C:\WINDOWS\System32\SHCORE.dll
0x00007ffb059d0000 - 0x00007ffb05a25000 	C:\WINDOWS\System32\shlwapi.dll
0x00007ffb046b0000 - 0x00007ffb046cf000 	C:\WINDOWS\SYSTEM32\profapi.dll
0x00007ffaed440000 - 0x00007ffaed458000 	C:\Users\Tilman\.jdks\corretto-17.0.3\bin\zip.dll
0x00007ffae3d00000 - 0x00007ffae3d19000 	C:\Users\Tilman\.jdks\corretto-17.0.3\bin\net.dll
0x00007ffafe340000 - 0x00007ffafe44a000 	C:\WINDOWS\SYSTEM32\WINHTTP.dll
0x00007ffb03f30000 - 0x00007ffb03f9a000 	C:\WINDOWS\system32\mswsock.dll
0x00007ffae3630000 - 0x00007ffae3645000 	C:\Users\Tilman\.jdks\corretto-17.0.3\bin\nio.dll
0x00007ffae35f0000 - 0x00007ffae360a000 	C:\Program Files\JetBrains\IntelliJ IDEA 2021.2.3\bin\breakgen64.dll

dbghelp: loaded successfully - version: 4.0.5 - missing functions: none
symbol engine: initialized successfully - sym options: 0x614 - pdb path: .;C:\Users\Tilman\.jdks\corretto-17.0.3\bin;C:\WINDOWS\SYSTEM32;C:\WINDOWS\WinSxS\amd64_microsoft.windows.common-controls_6595b64144ccf1df_6.0.19041.1110_none_60b5254171f9507e;C:\Users\Tilman\.jdks\corretto-17.0.3\bin\server;C:\Program Files\JetBrains\IntelliJ IDEA 2021.2.3\bin

VM Arguments:
jvm_args: -javaagent:C:\Program Files\JetBrains\IntelliJ IDEA 2021.2.3\lib\idea_rt.jar=61775:C:\Program Files\JetBrains\IntelliJ IDEA 2021.2.3\bin -Dfile.encoding=UTF-8 
java_command: de.holube.ex.ex11.LineCounterMain
java_class_path (initial): C:\Users\Tilman\IdeaProjects\FJT\target\classes
Launcher Type: SUN_STANDARD

[Global flags]
     intx CICompilerCount                          = 3                                         {product} {ergonomic}
     uint ConcGCThreads                            = 1                                         {product} {ergonomic}
     uint G1ConcRefinementThreads                  = 4                                         {product} {ergonomic}
   size_t G1HeapRegionSize                         = 1048576                                   {product} {ergonomic}
    uintx GCDrainStackTargetSize                   = 64                                        {product} {ergonomic}
   size_t InitialHeapSize                          = 130023424                                 {product} {ergonomic}
   size_t MarkStackSize                            = 4194304                                   {product} {ergonomic}
   size_t MaxHeapSize                              = 2069889024                                {product} {ergonomic}
   size_t MaxNewSize                               = 1241513984                                {product} {ergonomic}
   size_t MinHeapDeltaBytes                        = 1048576                                   {product} {ergonomic}
   size_t MinHeapSize                              = 8388608                                   {product} {ergonomic}
    uintx NonNMethodCodeHeapSize                   = 5832780                                {pd product} {ergonomic}
    uintx NonProfiledCodeHeapSize                  = 122912730                              {pd product} {ergonomic}
    uintx ProfiledCodeHeapSize                     = 122912730                              {pd product} {ergonomic}
    uintx ReservedCodeCacheSize                    = 251658240                              {pd product} {ergonomic}
     bool SegmentedCodeCache                       = true                                      {product} {ergonomic}
   size_t SoftMaxHeapSize                          = 2069889024                             {manageable} {ergonomic}
     bool UseCompressedClassPointers               = true                           {product lp64_product} {ergonomic}
     bool UseCompressedOops                        = true                           {product lp64_product} {ergonomic}
     bool UseG1GC                                  = true                                      {product} {ergonomic}
     bool UseLargePagesIndividualAllocation        = false                                  {pd product} {ergonomic}

Logging:
Log output configuration:
 #0: stdout all=warning uptime,level,tags
 #1: stderr all=off uptime,level,tags

Environment Variables:
JAVA_HOME=C:\Program Files\Java\jdk-17.0.2
PATH=C:\Program Files (x86)\Common Files\Oracle\Java\javapath;C:\Program Files (x86)\Razer Chroma SDK\bin;C:\Program Files\Razer Chroma SDK\bin;C:\Windows\system32;C:\Windows;C:\Windows\System32\Wbem;C:\Windows\System32\WindowsPowerShell\v1.0\;C:\WINDOWS\system32;C:\WINDOWS;C:\WINDOWS\System32\Wbem;C:\WINDOWS\System32\WindowsPowerShell\v1.0\;C:\Program Files\dotnet\;C:\WINDOWS\System32\OpenSSH\;C:\WINDOWS\system32\config\systemprofile\AppData\Local\Microsoft\WindowsApps;C:\Program Files\NVIDIA Corporation\NVIDIA NvDLISR;C:\Program Files\Microsoft SQL Server\120\Tools\Binn\;C:\WINDOWS\system32;C:\WINDOWS;C:\WINDOWS\System32\Wbem;C:\WINDOWS\System32\WindowsPowerShell\v1.0\;C:\WINDOWS\System32\OpenSSH\;C:\Program Files\nodejs\;C:\Program Files\z3-4.8.10-x64-win\bin;C:\Program Files\Git\cmd;C:\Program Files\Java\jdk-17.0.2\bin;C:\Users\Tilman\AppData\Local\Microsoft\WindowsApps;C:\Users\Tilman\AppData\Local\atom\bin;C:\Users\Tilman\AppData\Local\Microsoft\WindowsApps;C:\Users\Tilman\AppData\Local\Programs\Microsoft VS Code\bin;C:\Users\Tilman\AppData\Roaming\npm;C:\texlive\2021\bin\win32
USERNAME=Tilman
OS=Windows_NT
PROCESSOR_IDENTIFIER=Intel64 Family 6 Model 158 Stepping 9, GenuineIntel



---------------  S Y S T E M  ---------------

OS:
 Windows 10 , 64 bit Build 19041 (10.0.19041.1806)
OS uptime: 0 days 3:47 hours

CPU: total 4 (initial active 4) (4 cores per cpu, 1 threads per core) family 6 model 158 stepping 9 microcode 0xb4, cx8, cmov, fxsr, mmx, 3dnowpref, sse, sse2, sse3, ssse3, sse4.1, sse4.2, popcnt, lzcnt, tsc, tscinvbit, avx, avx2, aes, erms, clmul, bmi1, bmi2, adx, fma, vzeroupper, clflush, clflushopt

Memory: 4k page, system-wide physical 7895M (1585M free)
TotalPageFile size 24087M (AvailPageFile size 13913M)
current process WorkingSet (physical memory assigned to process): 116M, peak: 116M
current process commit charge ("private bytes"): 208M, peak: 208M

vm_info: OpenJDK 64-Bit Server VM (17.0.3+6-LTS) for windows-amd64 JRE (17.0.3+6-LTS), built on Apr 15 2022 22:16:02 by "Administrator" with MS VC++ 15.9 (VS2017)

END.
