#
# A fatal error has been detected by the Java Runtime Environment:
#
#  EXCEPTION_ACCESS_VIOLATION (0xc0000005) at pc=0x00000225ee9a7f53, pid=14648, tid=7896
#
# JRE version: OpenJDK Runtime Environment (17.0.1+12) (build 17.0.1+12-39)
# Java VM: OpenJDK 64-Bit Server VM (17.0.1+12-39, mixed mode, sharing, tiered, compressed oops, compressed class ptrs, g1 gc, windows-amd64)
# Problematic frame:
# J 537 c2 java.nio.file.FileChannelLinesSpliterator.trySplit()Ljava/util/Spliterator; java.base@17.0.1 (272 bytes) @ 0x00000225ee9a7f53 [0x00000225ee9a7ec0+0x0000000000000093]
#
# No core dump will be written. Minidumps are not enabled by default on client versions of Windows
#
# If you would like to submit a bug report, please visit:
#   https://bugreport.java.com/bugreport/crash.jsp
#

---------------  S U M M A R Y ------------

Command Line: -javaagent:C:\Program Files\JetBrains\IntelliJ IDEA 2021.2.3\lib\idea_rt.jar=61751:C:\Program Files\JetBrains\IntelliJ IDEA 2021.2.3\bin -Dfile.encoding=UTF-8 de.holube.ex.ex11.LineCounterMain

Host: Intel(R) Core(TM) i5-7400 CPU @ 3.00GHz, 4 cores, 7G,  Windows 10 , 64 bit Build 19041 (10.0.19041.1806)
Time: Sat Jul 16 22:50:20 2022 W. Europe Summer Time elapsed time: 1.279073 seconds (0d 0h 0m 1s)

---------------  T H R E A D  ---------------

Current thread (0x00000225fd963a90):  JavaThread "ForkJoinPool.commonPool-worker-3" daemon [_thread_in_Java, id=7896, stack(0x000000c8a0600000,0x000000c8a0700000)]

Stack: [0x000000c8a0600000,0x000000c8a0700000],  sp=0x000000c8a06ff4b0,  free space=1021k
Native frames: (J=compiled Java code, j=interpreted, Vv=VM code, C=native code)
C  0x00000225ee9a7f53


siginfo: EXCEPTION_ACCESS_VIOLATION (0xc0000005), reading address 0x00000225df6800c8


Register to memory mapping:

RIP=0x00000225ee9a7f53 is at entry_point+147 in (nmethod*)0x00000225ee9a7d10
RAX=0x000000008a30cc80 is an oop: java.util.stream.ReduceOps$ReduceTask 
{0x000000008a30cc80} - klass: 'java/util/stream/ReduceOps$ReduceTask'
 - ---- fields (total size 8 words):
 - volatile 'status' 'I' @12  0
 - private volatile transient 'aux' 'Ljava/util/concurrent/ForkJoinTask$Aux;' @16  NULL (0)
 - volatile 'pending' 'I' @20  0
 - final 'completer' 'Ljava/util/concurrent/CountedCompleter;' @24  a 'java/util/stream/ReduceOps$ReduceTask'{0x000000008a30cbd8} (8a30cbd8)
 - protected final 'helper' 'Ljava/util/stream/PipelineHelper;' @28  a 'java/util/stream/ReferencePipeline$2'{0x000000008a30c998} (8a30c998)
 - protected 'targetSize' 'J' @32  12501 (30d5 0)
 - protected 'spliterator' 'Ljava/util/Spliterator;' @40  a 'java/nio/file/FileChannelLinesSpliterator'{0x000000008a30c8e0} (8a30c8e0)
 - protected 'leftChild' 'Ljava/util/stream/AbstractTask;' @44  NULL (0)
 - protected 'rightChild' 'Ljava/util/stream/AbstractTask;' @48  NULL (0)
 - private 'localResult' 'Ljava/lang/Object;' @52  NULL (0)
 - private final 'op' 'Ljava/util/stream/ReduceOps$ReduceOp;' @56  a 'java/util/stream/ReduceOps$5'{0x000000008a30c9d8} (8a30c9d8)
RBX=0x000000008a30cb08 is an oop: java.nio.DirectByteBufferR 
{0x000000008a30cb08} - klass: 'java/nio/DirectByteBufferR'
 - ---- fields (total size 8 words):
 - private 'mark' 'I' @12  -1 (ffffffff)
 - 'address' 'J' @16  2361685049344 (df660000 225)
 - private 'position' 'I' @24  0
 - private 'limit' 'I' @28  150023 (24a07)
 - private 'capacity' 'I' @32  150023 (24a07)
 - final 'segment' 'Ljdk/internal/access/foreign/MemorySegmentProxy;' @36  NULL (0)
 - final 'offset' 'I' @40  0
 - 'isReadOnly' 'Z' @44  true
 - 'bigEndian' 'Z' @45  true
 - 'nativeByteOrder' 'Z' @46  false
 - final 'hb' '[B' @48  NULL (0)
 - private final 'isSync' 'Z' @47  false
 - private final 'fd' 'Ljava/io/FileDescriptor;' @52  a 'java/io/FileDescriptor'{0x000000008a30ca28} (8a30ca28)
 - private final 'att' 'Ljava/lang/Object;' @56  NULL (0)
 - private final 'cleaner' 'Ljdk/internal/ref/Cleaner;' @60  a 'jdk/internal/ref/Cleaner'{0x000000008a30cb48} (8a30cb48)
RCX=0x00000000000200c8 is an unknown value
RDX=0x00000225df660000 is an unknown value
RSP=0x000000c8a06ff4b0 is pointing into the stack for thread: 0x00000225fd963a90
RBP=0x0 is NULL
RSI=0x0000000087b1f610 is an oop: java.util.concurrent.ForkJoinPool 
{0x0000000087b1f610} - klass: 'java/util/concurrent/ForkJoinPool'
 - ---- fields (total size 42 words):
 - 'scanRover' 'I' @12  0
 - final 'keepAlive' 'J' @16  60000 (ea60 0)
 - volatile 'stealCount' 'J' @24  0 (0 0)
 - volatile 'threadIds' 'I' @32  3
 - final 'bounds' 'I' @36  16842750 (100fffe)
 - volatile 'mode' 'I' @40  3
 - 'queues' '[Ljava/util/concurrent/ForkJoinPool$WorkQueue;' @44  a 'java/util/concurrent/ForkJoinPool$WorkQueue'[8] {0x0000000087b1f760} (87b1f760)
 - final 'registrationLock' 'Ljava/util/concurrent/locks/ReentrantLock;' @48  a 'java/util/concurrent/locks/ReentrantLock'{0x0000000087b54480} (87b54480)
 - 'termination' 'Ljava/util/concurrent/locks/Condition;' @52  NULL (0)
 - final 'workerNamePrefix' 'Ljava/lang/String;' @56  NULL (0)
 - final 'factory' 'Ljava/util/concurrent/ForkJoinPool$ForkJoinWorkerThreadFactory;' @60  a 'java/util/concurrent/ForkJoinPool$DefaultCommonPoolForkJoinWorkerThreadFactory'{0x0000000087b544b0} (87b544b0)
 - final 'ueh' 'Ljava/lang/Thread$UncaughtExceptionHandler;' @64  NULL (0)
 - final 'saturate' 'Ljava/util/function/Predicate;' @68  NULL (0)
 - volatile 'ctl' 'J' @200  0 (0 0)
RDI=0x0000000000024a07 is an unknown value
R8 =0x000000000001b78a is an unknown value
R9 =0x0000000000024a07 is an unknown value
R10=0x00000225df660000 is an unknown value
R11=0x00000000000200c8 is an unknown value
R12=0x0 is NULL
R13=0x0000000087b1f4c8 is an oop: java.util.concurrent.ForkJoinPool$WorkQueue 
{0x0000000087b1f4c8} - klass: 'java/util/concurrent/ForkJoinPool$WorkQueue'
 - ---- fields (total size 38 words):
 - volatile 'phase' 'I' @12  -1 (ffffffff)
 - 'stackPred' 'I' @16  0
 - 'config' 'I' @20  1013904242 (3c6ef372)
 - 'base' 'I' @24  3662 (e4e)
 - 'array' '[Ljava/util/concurrent/ForkJoinTask;' @28  a 'java/util/concurrent/ForkJoinTask'[256] {0x0000000087b544c0} (87b544c0)
 - final 'owner' 'Ljava/util/concurrent/ForkJoinWorkerThread;' @32  NULL (0)
 - 'top' 'I' @164  3663 (e4f)
 - volatile 'source' 'I' @168  0
 - 'nsteals' 'I' @172  0
R14=0x0000000087b1f790 is an oop: java.util.concurrent.ForkJoinPool$WorkQueue 
{0x0000000087b1f790} - klass: 'java/util/concurrent/ForkJoinPool$WorkQueue'
 - ---- fields (total size 38 words):
 - volatile 'phase' 'I' @12  78381063 (4ac0007)
 - 'stackPred' 'I' @16  80084997 (4c60005)
 - 'config' 'I' @20  393223 (60007)
 - 'base' 'I' @24  853 (355)
 - 'array' '[Ljava/util/concurrent/ForkJoinTask;' @28  a 'java/util/concurrent/ForkJoinTask'[256] {0x0000000087b1f8c0} (87b1f8c0)
 - final 'owner' 'Ljava/util/concurrent/ForkJoinWorkerThread;' @32  a 'java/util/concurrent/ForkJoinWorkerThread'{0x0000000087b1fcd0} (87b1fcd0)
 - 'top' 'I' @164  853 (355)
 - volatile 'source' 'I' @168  131074 (20002)
 - 'nsteals' 'I' @172  1951 (79f)
R15=0x00000225fd963a90 is a thread


Registers:
RAX=0x000000008a30cc80, RBX=0x000000008a30cb08, RCX=0x00000000000200c8, RDX=0x00000225df660000
RSP=0x000000c8a06ff4b0, RBP=0x0000000000000000, RSI=0x0000000087b1f610, RDI=0x0000000000024a07
R8 =0x000000000001b78a, R9 =0x0000000000024a07, R10=0x00000225df660000, R11=0x00000000000200c8
R12=0x0000000000000000, R13=0x0000000087b1f4c8, R14=0x0000000087b1f790, R15=0x00000225fd963a90
RIP=0x00000225ee9a7f53, EFLAGS=0x0000000000010283

Top of Stack: (sp=0x000000c8a06ff4b0)
0x000000c8a06ff4b0:   000000c8a06ff4d0 000000c8a06ff510
0x000000c8a06ff4c0:   000000c800000005 00000225e75117a4
0x000000c8a06ff4d0:   0000000087b001f0 00007ffa93899e80
0x000000c8a06ff4e0:   000000008a30c8e0 000002250000083d
0x000000c8a06ff4f0:   000000008a43c828 0000000087bf6370
0x000000c8a06ff500:   00000225ee9f80e0 000000c8a06ff628
0x000000c8a06ff510:   000000008a30c8e0 00000225ee9f878c
0x000000c8a06ff520:   01d89955a9bc3f84 000000080035dcf0
0x000000c8a06ff530:   0000000087b544c0 00000225fd963a90
0x000000c8a06ff540:   0000000700000002 0000000087b1fcd0
0x000000c8a06ff550:   000000000001b7c8 0000000100000008
0x000000c8a06ff560:   0000000087b1f790 0000000000060007
0x000000c8a06ff570:   000000008a30c8e0 000000008a30cc80
0x000000c8a06ff580:   00000000000030d5 8a43c82800020002
0x000000c8a06ff590:   0000000087b1f4c8 000000008a30cc80
0x000000c8a06ff5a0:   0000000087b1f610 0000000004ac0007 

Instructions: (pc=0x00000225ee9a7f53)
0x00000225ee9a7e53:   00 00 00 00 00 e0 01 00 00 02 00 00 00 ff ff ff
0x00000225ee9a7e63:   ff ff ff ff ff 14 60 01 f0 4c cc ff 03 02 f0 04
0x00000225ee9a7e73:   cd 6a b0 16 34 98 64 5e c1 0a 64 50 64 38 64 2c
0x00000225ee9a7e83:   64 28 64 24 64 0c 64 0c 64 30 64 3c 64 0c 64 78
0x00000225ee9a7e93:   64 12 64 35 f4 05 80 11 64 0d 00 01 f8 1d fa 00
0x00000225ee9a7ea3:   50 00 c0 0a 64 05 64 0f 64 00 00 00 00 00 00 00
0x00000225ee9a7eb3:   00 00 00 00 00 00 00 00 00 00 00 00 00 44 8b 52
0x00000225ee9a7ec3:   08 49 bb 00 00 00 00 08 00 00 00 4d 03 d3 49 3b
0x00000225ee9a7ed3:   c2 0f 85 a6 4b 55 f8 66 90 0f 1f 40 00 89 84 24
0x00000225ee9a7ee3:   00 90 ff ff 55 48 83 ec 60 48 89 54 24 30 8b 6a
0x00000225ee9a7ef3:   20 85 ed 0f 85 b8 08 00 00 8b 4a 1c 90 85 c9 0f
0x00000225ee9a7f03:   84 93 05 00 00 44 8b 42 0c 44 8b 4a 10 45 8b d9
0x00000225ee9a7f13:   45 03 d8 48 8b d9 41 d1 eb 8b 4b 08 90 81 f9 60
0x00000225ee9a7f23:   de 08 00 0f 85 30 08 00 00 8b 6b 24 85 ed 0f 85
0x00000225ee9a7f33:   89 08 00 00 8b 7b 1c 66 0f 1f 44 00 00 44 3b df
0x00000225ee9a7f43:   0f 8d e7 07 00 00 4c 8b 53 10 49 63 cb 49 8b d2
0x00000225ee9a7f53:   0f be 04 0a 45 8b d3 41 ff c2 66 66 90 83 f8 0a
0x00000225ee9a7f63:   0f 84 6e 04 00 00 83 f8 0d 0f 84 e5 05 00 00 45
0x00000225ee9a7f73:   8b d3 41 ff ca 45 3b d0 0f 1f 44 00 00 0f 8e 1f
0x00000225ee9a7f83:   06 00 00 c4 e1 f9 6e c3 44 89 44 24 38 45 8b eb
0x00000225ee9a7f93:   45 03 eb 48 63 f7 49 63 c5 48 8b ee 48 ff cd 48
0x00000225ee9a7fa3:   8b d8 48 81 c3 ff ff ff 7f 41 83 c3 fe 44 8b c3
0x00000225ee9a7fb3:   48 83 c1 fe 48 3b cb 45 0f 4f d8 44 89 5c 24 20
0x00000225ee9a7fc3:   49 63 cb 49 c7 c3 00 00 00 80 48 81 fd 00 00 00
0x00000225ee9a7fd3:   80 4c 8b f5 4d 0f 4c f3 45 8b de 48 3b cd 8b 4c
0x00000225ee9a7fe3:   24 20 41 0f 4f cb 4c 63 d9 4c 3b d8 44 8b d9 45
0x00000225ee9a7ff3:   0f 4f dd 49 63 cb 48 3b cb 41 8b cb 41 0f 4f c8
0x00000225ee9a8003:   3b 4c 24 38 44 8b 5c 24 38 41 0f 4c cb 8b e9 33
0x00000225ee9a8013:   db 45 8b c5 45 2b c2 66 0f 1f 44 00 00 45 3b c1
0x00000225ee9a8023:   0f 8d 5b 07 00 00 45 8b da 41 ff cb 45 85 d2 0f
0x00000225ee9a8033:   8c 93 06 00 00 44 3b d7 0f 1f 44 00 00 0f 8d 80
0x00000225ee9a8043:   06 00 00 49 63 ca 0f be 0c 0a 83 f9 0a 0f 84 ea 


Stack slot to memory mapping:
stack at sp + 0 slots: 0x000000c8a06ff4d0 is pointing into the stack for thread: 0x00000225fd963a90
stack at sp + 1 slots: 0x000000c8a06ff510 is pointing into the stack for thread: 0x00000225fd963a90
stack at sp + 2 slots: 0x000000c800000005 is an unknown value
stack at sp + 3 slots: 0x00000225e75117a4 is at entry_point+356 in (nmethod*)0x00000225e7511490
stack at sp + 4 slots: 0x0000000087b001f0 is an oop: jdk.internal.misc.Unsafe 
{0x0000000087b001f0} - klass: 'jdk/internal/misc/Unsafe'
 - ---- fields (total size 2 words):
stack at sp + 5 slots: 0x00007ffa93899e80 jvm.dll
stack at sp + 6 slots: 0x000000008a30c8e0 is an oop: java.nio.file.FileChannelLinesSpliterator 
{0x000000008a30c8e0} - klass: 'java/nio/file/FileChannelLinesSpliterator'
 - ---- fields (total size 5 words):
 - private 'index' 'I' @12  112522 (1b78a)
 - private final 'fence' 'I' @16  150023 (24a07)
 - private final 'fc' 'Ljava/nio/channels/FileChannel;' @20  a 'sun/nio/ch/FileChannelImpl'{0x000000008a30c7e0} (8a30c7e0)
 - private final 'cs' 'Ljava/nio/charset/Charset;' @24  a 'sun/nio/cs/UTF_8'{0x0000000087b001b0} (87b001b0)
 - private 'buffer' 'Ljava/nio/ByteBuffer;' @28  NULL (0)
 - private 'reader' 'Ljava/io/BufferedReader;' @32  NULL (0)
 - private final 'bufRefCount' 'Ljava/util/concurrent/atomic/AtomicInteger;' @36  a 'java/util/concurrent/atomic/AtomicInteger'{0x000000008a30c908} (8a30c908)
stack at sp + 7 slots: 0x000002250000083d is an unknown value

--------------------------------------------------------------------------------
[Constant Pool (empty)]

--------------------------------------------------------------------------------

[MachCode]
  0x00000225ee9a7ec0: 448b 5208 | 49bb 0000 | 0000 0800 | 0000 4d03 | d349 3bc2 | 0f85 a64b | 55f8 6690 | 0f1f 4000 
  0x00000225ee9a7ee0: 8984 2400 | 90ff ff55 | 4883 ec60 | 4889 5424 | 308b 6a20 | 85ed 0f85 | b808 0000 | 8b4a 1c90 
  0x00000225ee9a7f00: 85c9 0f84 | 9305 0000 | 448b 420c | 448b 4a10 | 458b d945 | 03d8 488b | d941 d1eb | 8b4b 0890 
  0x00000225ee9a7f20: 81f9 60de | 0800 0f85 | 3008 0000 | 8b6b 2485 | ed0f 8589 | 0800 008b | 7b1c 660f | 1f44 0000 
  0x00000225ee9a7f40: 443b df0f | 8de7 0700 | 004c 8b53 | 1049 63cb | 498b d20f | be04 0a45 | 8bd3 41ff | c266 6690 
  0x00000225ee9a7f60: 83f8 0a0f | 846e 0400 | 0083 f80d | 0f84 e505 | 0000 458b | d341 ffca | 453b d00f | 1f44 0000 
  0x00000225ee9a7f80: 0f8e 1f06 | 0000 c4e1 | f96e c344 | 8944 2438 | 458b eb45 | 03eb 4863 | f749 63c5 | 488b ee48 
  0x00000225ee9a7fa0: ffcd 488b | d848 81c3 | ffff ff7f | 4183 c3fe | 448b c348 | 83c1 fe48 | 3bcb 450f | 4fd8 4489 
  0x00000225ee9a7fc0: 5c24 2049 | 63cb 49c7 | c300 0000 | 8048 81fd | 0000 0080 | 4c8b f54d | 0f4c f345 | 8bde 483b 
  0x00000225ee9a7fe0: cd8b 4c24 | 2041 0f4f | cb4c 63d9 | 4c3b d844 | 8bd9 450f | 4fdd 4963 | cb48 3bcb | 418b cb41 
  0x00000225ee9a8000: 0f4f c83b | 4c24 3844 | 8b5c 2438 | 410f 4ccb | 8be9 33db | 458b c545 | 2bc2 660f | 1f44 0000 
  0x00000225ee9a8020: 453b c10f | 8d5b 0700 | 0045 8bda | 41ff cb45 | 85d2 0f8c | 9306 0000 | 443b d70f | 1f44 0000 
  0x00000225ee9a8040: 0f8d 8006 | 0000 4963 | ca0f be0c | 0a83 f90a | 0f84 ea04 | 0000 83f9 | 0d0f 8469 | 0500 0090 
  0x00000225ee9a8060: 4585 c00f | 8c94 0600 | 0044 3bc7 | 0f8d 8606 | 0000 4d63 | d046 0fbe | 1412 660f | 1f44 0000 
  0x00000225ee9a8080: 4183 fa0a | 0f84 d802 | 0000 4183 | fa0d 0f84 | f702 0000 | 443b dd7e | 0c45 8bd3 | 0f1f 4000 
  0x00000225ee9a80a0: e96f ffff | ff89 7c24 | 24c5 f96e | d348 8be8 | 482b ee48 | 634c 2438 | 488b f848 | 81c7 0000 
  0x00000225ee9a80c0: 0080 4489 | 4c24 204d | 63d1 492b | c244 8bd7 | 41b9 ffff | ff7f 41b8 | ffff ffff | bbff ffff 
  0x00000225ee9a80e0: 7f48 81f8 | ffff ff7f | 488b f048 | 0f4f f348 | 81fd ffff | ff7f 4c8b | f54c 0f4f | f38b de48 
  0x00000225ee9a8100: 3bc8 8b74 | 2438 0f4c | f341 8bce | 83fe ff41 | 0f4c f04c | 63c6 4c3b | c741 0f4c | f24c 63d6 
  0x00000225ee9a8120: 4c3b d50f | 4cf1 8bfe | 83c7 033b | f741 0f4f | f944 3bdf | 0f8e 2c01 | 0000 660f | 1f44 0000 
  0x00000225ee9a8140: 4d63 d34c | 8bca 4d03 | ca45 0fbe | 1141 83fa | 0a0f 84d0 | 0100 0041 | 83fa 0d0f | 1f44 0000 
  0x00000225ee9a8160: 0f84 4704 | 0000 458b | c545 2bc3 | 4d63 d046 | 0fbe 1412 | 4183 fa0a | 0f84 d401 | 0000 6690 
  0x00000225ee9a8180: 4183 fa0d | 0f84 ed01 | 0000 450f | be49 ff41 | 83f9 0a0f | 8496 0100 | 000f 1f80 | 0000 0000 
  0x00000225ee9a81a0: 4183 f90d | 0f84 0b04 | 0000 458b | c841 ffc1 | 4d63 d146 | 0fbe 1412 | 0f1f 8400 | 0000 0000 
  0x00000225ee9a81c0: 4183 fa0a | 0f84 9001 | 0000 4183 | fa0d 0f84 | ab01 0000 | 458b d341 | 83c2 fe4d | 63ca 488b 
  0x00000225ee9a81e0: da49 03d9 | 0fbe 0b83 | f90a 0f84 | 3a01 0000 | 83f9 0d0f | 84b7 0300 | 0045 8bd0 | 4183 c202 
  0x00000225ee9a8200: 4d63 ca46 | 0fbe 0c0a | 4183 f90a | 0f84 4301 | 0000 4183 | f90d 0f84 | 5e01 0000 | 440f be53 
  0x00000225ee9a8220: ff41 83fa | 0a0f 8409 | 0100 0041 | 83fa 0d0f | 8485 0300 | 0041 83c0 | 034d 63d0 | 460f be14 
  0x00000225ee9a8240: 1241 83fa | 0a0f 8412 | 0100 0041 | 83fa 0d0f | 842d 0100 | 0041 83c3 | fc44 3bdf | 0f1f 4000 
  0x00000225ee9a8260: 0f8f dafe | ffff 443b | 5c24 380f | 8e9d 0000 | 0066 6690 | 458b c545 | 2bc3 660f | 1f44 0000 
  0x00000225ee9a8280: 443b 4424 | 200f 8def | 0500 0041 | 8beb ffcd | 4585 db0f | 8cc3 0500 | 000f 1f80 | 0000 0000 
  0x00000225ee9a82a0: 443b 5c24 | 240f 8da7 | 0500 004d | 63d3 460f | be0c 1241 | 83f9 0a0f | 8413 0300 | 0066 6690 
  0x00000225ee9a82c0: 4183 f90d | 0f84 f203 | 0000 4585 | c00f 8c9d | 0500 0044 | 3b44 2424 | 0f8d 8805 | 0000 4d63 
  0x00000225ee9a82e0: d046 0fbe | 1412 4183 | fa0a 0f84 | ea02 0000 | 4183 fa0d | 0f84 eb02 | 0000 660f | 1f44 0000 
  0x00000225ee9a8300: 3b6c 2438 | 7e08 448b | dde9 66ff | ffff 448b | 4424 38c4 | e1f9 7ec3 | c4c1 797e | d244 8b4c 
  0x00000225ee9a8320: 2420 e9b0 | 0000 0045 | 8bd3 458b | daeb 0941 | ffcb eb04 | 4183 c3fd | 448b 4c24 | 2045 8bd3 
  0x00000225ee9a8340: 41ff c244 | 8b44 2438 | c4e1 f97e | c3e9 8500 | 0000 458b | d045 8bc2 | eb03 458b | c144 8b4c 
  0x00000225ee9a8360: 2420 458b | d041 ffc2 | 448b 4424 | 38c4 e1f9 | 7ec3 e960 | 0000 0045 | 8bd0 458b | c2eb 0345 
  0x00000225ee9a8380: 8bc1 448b | 4c24 208b | 7c24 2445 | 8bd0 41ff | c245 3bd1 | 0f8d fc01 | 0000 660f | 1f44 0000 
  0x00000225ee9a83a0: 4585 d20f | 8c47 0400 | 0044 3bd7 | 0f8d 3e04 | 0000 4d63 | da42 803c | 1a0a 660f | 1f44 0000 
  0x00000225ee9a83c0: 0f85 8201 | 0000 458b | d041 83c2 | 0244 8b44 | 2438 c4e1 | f97e c345 | 3bd0 660f | 1f44 0000 
  0x00000225ee9a83e0: 0f8e a000 | 0000 453b | d10f 8d97 | 0000 0049 | 8b87 0801 | 0000 4c8b | d849 83c3 | 2866 6690 
  0x00000225ee9a8400: 4d3b 9f18 | 0100 000f | 8378 0200 | 004d 899f | 0801 0000 | 410f 0d8b | 0001 0000 | 48c7 0001 
  0x00000225ee9a8420: 0000 00c7 | 4008 b8dc | c400 4489 | 600c 4c89 | 6010 4c89 | 6018 4c89 | 6020 4c8b | 5c24 3045 
  0x00000225ee9a8440: 8953 0c44 | 8950 1044 | 8940 0c45 | 8b53 1844 | 8950 1845 | 8b5b 1444 | 8958 144c | 8b54 2430 
  0x00000225ee9a8460: 458b 5224 | 4489 5024 | 4c8b c344 | 8940 1c45 | 85d2 0f84 | 3003 0000 | 41bb 0100 | 0000 f045 
  0x00000225ee9a8480: 0fc1 5a0c | eb02 33c0 | 4883 c460 | 5d49 3ba7 | 4003 0000 | 0f87 2804 | 0000 c348 | 8954 2420 
  0x00000225ee9a84a0: 6666 90e8 | b889 bef8 | 488b d841 | 807f 3800 | 0f85 3d01 | 0000 4c8b | 5424 204c | 8bdb 4c8b 
  0x00000225ee9a84c0: 4424 2045 | 8958 1c4c | 8bdb 4d33 | da49 c1eb | 144d 85db | 741f 4885 | db74 1a49 | c1ea 0948 
  0x00000225ee9a84e0: b900 b0e6 | f525 0200 | 0049 03ca | 8039 040f | 853a 0100 | 004c 8b54 | 2420 458b | 5a24 6690 
  0x00000225ee9a8500: 4585 db0f | 8423 0300 | 0041 c743 | 0c01 0000 | 00f0 8344 | 24c0 0045 | 8b42 0c45 | 8b4a 1045 
  0x00000225ee9a8520: 8bd9 4503 | d841 d1eb | 4885 db0f | 85eb f9ff | ffba f6ff | ffff 418b | eb66 90e8 | c09d 55f8 
  0x00000225ee9a8540: 458b dae9 | f5fd ffff | 448b 4424 | 38c4 e1f9 | 7ec3 e980 | feff ff45 | 3bd1 660f | 1f44 0000 
  0x00000225ee9a8560: 0f8d 71fe | ffff 4585 | d20f 8c16 | 0300 0044 | 3bd7 0f8d | 0d03 0000 | 4963 ca0f | 1f44 0000 
  0x00000225ee9a8580: 803c 0a0a | 0f85 4dfe | ffff 458b | d341 83c2 | 02e9 41fe | ffff 448b | 4424 38c4 | e1f9 7ec3 
  0x00000225ee9a85a0: e932 feff | ff45 33d2 | e92a feff | ff45 8bd3 | 458b daeb | 0941 ffcb | eb04 4183 | c3fd 448b 
  0x00000225ee9a85c0: 4c24 20e9 | 75fd ffff | 458b dae9 | 6dfd ffff | 448b 4c24 | 20e9 63fd | ffff 448b | 4c24 2090 
  0x00000225ee9a85e0: e97d fdff | ff44 8b4c | 2420 8b7c | 2424 e998 | fdff ff4c | 8b54 2420 | 458b 5a1c | 0f1f 4000 
  0x00000225ee9a8600: 4585 db0f | 84ad feff | ff4d 8b57 | 2049 8bcb | 4d85 d20f | 841f 0200 | 004d 8b5f | 304b 894c 
  0x00000225ee9a8620: 13f8 4983 | c2f8 4d89 | 5720 e987 | feff ff4d | 8b57 404d | 8b5f 50f0 | 8344 24c0 | 0066 6690 
  0x00000225ee9a8640: 8039 000f | 84ac feff | ff44 8821 | 4d85 d275 | 2149 8bd7 | 0f1f 8400 | 0000 0000 | 6666 6690 
  0x00000225ee9a8660: 49ba 10e5 | 4993 fa7f | 0000 41ff | d2e9 83fe | ffff 4b89 | 4c13 f849 | 83c2 f84d | 8957 4090 
  0x00000225ee9a8680: e970 feff | ff44 8954 | 2424 4889 | 5c24 2844 | 8944 2420 | 488b 6c24 | 3048 bab8 | dcc4 0008 
  0x00000225ee9a86a0: 0000 00e8 | 5858 60f8 | 448b 4424 | 2048 8b5c | 2428 448b | 5424 24e9 | 7efd ffff | 448b 4c24 
  0x00000225ee9a86c0: 20e9 77fc | ffff 418b | ebeb 0341 | 8beb ba6e | 0000 0044 | 894c 2420 | 4489 4424 | 2448 ff74 
  0x00000225ee9a86e0: 2430 488f | 4424 28c5 | fb11 4424 | 40c5 fb11 | 4424 48e8 | 089c 55f8 | 418b ebeb | 0341 8beb 
  0x00000225ee9a8700: 41ff c0ba | 6e00 0000 | 4489 4c24 | 2044 8944 | 2424 48ff | 7424 3048 | 8f44 2428 | c5fb 1144 
  0x00000225ee9a8720: 2440 c5fb | 1144 2448 | 6666 90e8 | d09b 55f8 | ba6e 0000 | 0041 8be9 | 48ff 7424 | 3048 8f44 
  0x00000225ee9a8740: 2420 4489 | 4424 3044 | 895c 2434 | 4889 5c24 | 3848 895c | 2440 90e8 | a49b 55f8 | bade ffff 
  0x00000225ee9a8760: ff41 8be9 | 48ff 7424 | 3048 8f44 | 2420 4489 | 4424 3048 | 895c 2438 | 4489 5c24 | 4066 90e8 
  0x00000225ee9a8780: 7c9b 55f8 | 458b daba | 45ff ffff | 4489 5c24 | 2044 8944 | 2428 4489 | 4c24 2cc5 | fb11 4424 
  0x00000225ee9a87a0: 4066 90e8 | 589b 55f8 | baf6 ffff | ff66 90e8 | 4c9b 55f8 | ba45 ffff | ff66 90e8 | 409b 55f8 
  0x00000225ee9a87c0: ba45 ffff | ff44 894c | 2420 48ff | 7424 3048 | 8f44 2428 | 4489 4424 | 2448 895c | 2440 4489 
  0x00000225ee9a87e0: 5c24 3c48 | 895c 2448 | 6666 90e8 | 109b 55f8 | ba6e 0000 | 0041 8be9 | 48ff 7424 | 3048 8f44 
  0x00000225ee9a8800: 2420 4889 | 4424 f88b | 4424 3889 | 4424 3048 | 8b44 24f8 | 4489 5424 | 34c5 fb11 | 4424 38c5 
  0x00000225ee9a8820: fb11 4424 | 4066 90e8 | d49a 55f8 | baf6 ffff | ff66 90e8 | c89a 55f8 | 498b d70f | 1f44 0000 
  0x00000225ee9a8840: 49ba 30e5 | 4993 fa7f | 0000 41ff | d2e9 64fc | ffff 448b | 4c24 20e9 | 72fe ffff | 448b 4c24 
  0x00000225ee9a8860: 20e9 68fe | ffff 448b | 4c24 20e9 | 90fe ffff | 448b 4c24 | 20e9 86fe | ffff 448b | 4c24 2090 
  0x00000225ee9a8880: e902 ffff | ffba 6e00 | 0000 418b | e948 ff74 | 2430 488f | 4424 2044 | 8944 2430 | 4489 5424 
  0x00000225ee9a88a0: 3448 895c | 2438 4889 | 5c24 40e8 | 509a 55f8 | 488b d0eb | 0348 8bd0 | 4883 c460 | 5de9 3e36 
  0x00000225ee9a88c0: 60f8 49ba | 8d84 9aee | 2502 0000 | 4d89 9758 | 0300 00e9 | 28ab 55f8 | f4f4 f4f4 | f4f4 f4f4 
  0x00000225ee9a88e0: 48bb 98ef | 09fd 2502 | 0000 e96a | 8e55 f8e9 | 8caa 5ff8 | e800 0000 | 0048 832c | 2405 e99d 
  0x00000225ee9a8900: 9d55 f8f4 | f4f4 f4f4 
[/MachCode]
--------------------------------------------------------------------------------


---------------  P R O C E S S  ---------------

Threads class SMR info:
_java_thread_list=0x00000225fd94c6c0, length=17, elements={
0x00000225df6aa810, 0x00000225fcc78110, 0x00000225fcc78f90, 0x00000225fcc8aa50,
0x00000225fcc8b400, 0x00000225fcc8bfc0, 0x00000225fcc94980, 0x00000225fcc99f80,
0x00000225fcc9d640, 0x00000225fcca0860, 0x00000225fd856940, 0x00000225fd939980,
0x00000225fd939e50, 0x00000225fd95d800, 0x00000225fd963170, 0x00000225fd963a90,
0x00000225fd98ce00
}

Java Threads: ( => current thread )
  0x00000225df6aa810 JavaThread "main" [_thread_blocked, id=2708, stack(0x000000c89f000000,0x000000c89f100000)]
  0x00000225fcc78110 JavaThread "Reference Handler" daemon [_thread_blocked, id=8156, stack(0x000000c89f700000,0x000000c89f800000)]
  0x00000225fcc78f90 JavaThread "Finalizer" daemon [_thread_blocked, id=8724, stack(0x000000c89f800000,0x000000c89f900000)]
  0x00000225fcc8aa50 JavaThread "Signal Dispatcher" daemon [_thread_blocked, id=3964, stack(0x000000c89f900000,0x000000c89fa00000)]
  0x00000225fcc8b400 JavaThread "Attach Listener" daemon [_thread_blocked, id=11448, stack(0x000000c89fa00000,0x000000c89fb00000)]
  0x00000225fcc8bfc0 JavaThread "Service Thread" daemon [_thread_blocked, id=11952, stack(0x000000c89fb00000,0x000000c89fc00000)]
  0x00000225fcc94980 JavaThread "Monitor Deflation Thread" daemon [_thread_blocked, id=13296, stack(0x000000c89fc00000,0x000000c89fd00000)]
  0x00000225fcc99f80 JavaThread "C2 CompilerThread0" daemon [_thread_blocked, id=3656, stack(0x000000c89fd00000,0x000000c89fe00000)]
  0x00000225fcc9d640 JavaThread "C1 CompilerThread0" daemon [_thread_blocked, id=1796, stack(0x000000c89fe00000,0x000000c89ff00000)]
  0x00000225fcca0860 JavaThread "Sweeper thread" daemon [_thread_blocked, id=12192, stack(0x000000c89ff00000,0x000000c8a0000000)]
  0x00000225fd856940 JavaThread "Common-Cleaner" daemon [_thread_blocked, id=5888, stack(0x000000c8a0000000,0x000000c8a0100000)]
  0x00000225fd939980 JavaThread "Monitor Ctrl-Break" daemon [_thread_in_native, id=12240, stack(0x000000c8a0100000,0x000000c8a0200000)]
  0x00000225fd939e50 JavaThread "Notification Thread" daemon [_thread_blocked, id=7740, stack(0x000000c8a0200000,0x000000c8a0300000)]
  0x00000225fd95d800 JavaThread "ForkJoinPool.commonPool-worker-1" daemon [_thread_blocked, id=2764, stack(0x000000c8a0400000,0x000000c8a0500000)]
  0x00000225fd963170 JavaThread "ForkJoinPool.commonPool-worker-2" daemon [_thread_blocked, id=7116, stack(0x000000c8a0500000,0x000000c8a0600000)]
=>0x00000225fd963a90 JavaThread "ForkJoinPool.commonPool-worker-3" daemon [_thread_in_Java, id=7896, stack(0x000000c8a0600000,0x000000c8a0700000)]
  0x00000225fd98ce00 JavaThread "C2 CompilerThread1" daemon [_thread_blocked, id=2184, stack(0x000000c8a0700000,0x000000c8a0800000)]

Other Threads:
  0x00000225fcc6f5e0 VMThread "VM Thread" [stack: 0x000000c89f600000,0x000000c89f700000] [id=1692] _threads_hazard_ptr=0x00000225fd94c6c0
  0x00000225df70da00 WatcherThread [stack: 0x000000c8a0300000,0x000000c8a0400000] [id=16120]
  0x00000225df6ea7a0 GCTaskThread "GC Thread#0" [stack: 0x000000c89f100000,0x000000c89f200000] [id=16852]
  0x00000225fdd93290 GCTaskThread "GC Thread#1" [stack: 0x000000c8a0800000,0x000000c8a0900000] [id=12396]
  0x00000225fd9df230 GCTaskThread "GC Thread#2" [stack: 0x000000c8a0900000,0x000000c8a0a00000] [id=7400]
  0x00000225fe1be970 GCTaskThread "GC Thread#3" [stack: 0x000000c8a0a00000,0x000000c8a0b00000] [id=132]
  0x00000225df6fb540 ConcurrentGCThread "G1 Main Marker" [stack: 0x000000c89f200000,0x000000c89f300000] [id=15124]
  0x00000225df6fbf50 ConcurrentGCThread "G1 Conc#0" [stack: 0x000000c89f300000,0x000000c89f400000] [id=15188]
  0x00000225df7688e0 ConcurrentGCThread "G1 Refine#0" [stack: 0x000000c89f400000,0x000000c89f500000] [id=4004]
  0x00000225df769300 ConcurrentGCThread "G1 Service" [stack: 0x000000c89f500000,0x000000c89f600000] [id=12280]

Threads with active compile tasks:
C2 CompilerThread0     1411 1074       4       java.io.File::<init> (78 bytes)
C2 CompilerThread1     1411 1075       4       java.io.WinNTFileSystem::resolve (275 bytes)

VM state: synchronizing (normal execution)

VM Mutex/Monitor currently owned by a thread:  ([mutex/lock_event])
[0x00000225df6a7610] Threads_lock - owner thread: 0x00000225fcc6f5e0
[0x00000225df6a6020] Heap_lock - owner thread: 0x00000225fd95d800

Heap address: 0x0000000084a00000, size: 1974 MB, Compressed Oops mode: 32-bit

CDS archive(s) mapped at: [0x0000000800000000-0x0000000800bc0000-0x0000000800bc0000), size 12320768, SharedBaseAddress: 0x0000000800000000, ArchiveRelocationMode: 0.
Compressed class space mapped at: 0x0000000800c00000-0x0000000840c00000, reserved size: 1073741824
Narrow klass base: 0x0000000800000000, Narrow klass shift: 0, Narrow klass range: 0x100000000

GC Precious Log:
 CPUs: 4 total, 4 available
 Memory: 7895M
 Large Page Support: Disabled
 NUMA Support: Disabled
 Compressed Oops: Enabled (32-bit)
 Heap Region Size: 1M
 Heap Min Capacity: 8M
 Heap Initial Capacity: 124M
 Heap Max Capacity: 1974M
 Pre-touch: Disabled
 Parallel Workers: 4
 Concurrent Workers: 1
 Concurrent Refinement Workers: 4
 Periodic GC: Disabled

Heap:
 garbage-first heap   total 126976K, used 74301K [0x0000000084a00000, 0x0000000100000000)
  region size 1024K, 74 young (75776K), 2 survivors (2048K)
 Metaspace       used 1741K, committed 1856K, reserved 1056768K
  class space    used 124K, committed 192K, reserved 1048576K

Heap Regions: E=young(eden), S=young(survivor), O=old, HS=humongous(starts), HC=humongous(continues), CS=collection set, F=free, OA=open archive, CA=closed archive, TAMS=top-at-mark-start (previous, next)
|   0|0x0000000084a00000, 0x0000000084a00000, 0x0000000084b00000|  0%| F|  |TAMS 0x0000000084a00000, 0x0000000084a00000| Untracked 
|   1|0x0000000084b00000, 0x0000000084b00000, 0x0000000084c00000|  0%| F|  |TAMS 0x0000000084b00000, 0x0000000084b00000| Untracked 
|   2|0x0000000084c00000, 0x0000000084c00000, 0x0000000084d00000|  0%| F|  |TAMS 0x0000000084c00000, 0x0000000084c00000| Untracked 
|   3|0x0000000084d00000, 0x0000000084d00000, 0x0000000084e00000|  0%| F|  |TAMS 0x0000000084d00000, 0x0000000084d00000| Untracked 
|   4|0x0000000084e00000, 0x0000000084e00000, 0x0000000084f00000|  0%| F|  |TAMS 0x0000000084e00000, 0x0000000084e00000| Untracked 
|   5|0x0000000084f00000, 0x0000000084f00000, 0x0000000085000000|  0%| F|  |TAMS 0x0000000084f00000, 0x0000000084f00000| Untracked 
|   6|0x0000000085000000, 0x0000000085000000, 0x0000000085100000|  0%| F|  |TAMS 0x0000000085000000, 0x0000000085000000| Untracked 
|   7|0x0000000085100000, 0x0000000085100000, 0x0000000085200000|  0%| F|  |TAMS 0x0000000085100000, 0x0000000085100000| Untracked 
|   8|0x0000000085200000, 0x0000000085200000, 0x0000000085300000|  0%| F|  |TAMS 0x0000000085200000, 0x0000000085200000| Untracked 
|   9|0x0000000085300000, 0x0000000085300000, 0x0000000085400000|  0%| F|  |TAMS 0x0000000085300000, 0x0000000085300000| Untracked 
|  10|0x0000000085400000, 0x0000000085400000, 0x0000000085500000|  0%| F|  |TAMS 0x0000000085400000, 0x0000000085400000| Untracked 
|  11|0x0000000085500000, 0x0000000085500000, 0x0000000085600000|  0%| F|  |TAMS 0x0000000085500000, 0x0000000085500000| Untracked 
|  12|0x0000000085600000, 0x0000000085600000, 0x0000000085700000|  0%| F|  |TAMS 0x0000000085600000, 0x0000000085600000| Untracked 
|  13|0x0000000085700000, 0x0000000085700000, 0x0000000085800000|  0%| F|  |TAMS 0x0000000085700000, 0x0000000085700000| Untracked 
|  14|0x0000000085800000, 0x0000000085800000, 0x0000000085900000|  0%| F|  |TAMS 0x0000000085800000, 0x0000000085800000| Untracked 
|  15|0x0000000085900000, 0x0000000085900000, 0x0000000085a00000|  0%| F|  |TAMS 0x0000000085900000, 0x0000000085900000| Untracked 
|  16|0x0000000085a00000, 0x0000000085a00000, 0x0000000085b00000|  0%| F|  |TAMS 0x0000000085a00000, 0x0000000085a00000| Untracked 
|  17|0x0000000085b00000, 0x0000000085b00000, 0x0000000085c00000|  0%| F|  |TAMS 0x0000000085b00000, 0x0000000085b00000| Untracked 
|  18|0x0000000085c00000, 0x0000000085c00000, 0x0000000085d00000|  0%| F|  |TAMS 0x0000000085c00000, 0x0000000085c00000| Untracked 
|  19|0x0000000085d00000, 0x0000000085d00000, 0x0000000085e00000|  0%| F|  |TAMS 0x0000000085d00000, 0x0000000085d00000| Untracked 
|  20|0x0000000085e00000, 0x0000000085e00000, 0x0000000085f00000|  0%| F|  |TAMS 0x0000000085e00000, 0x0000000085e00000| Untracked 
|  21|0x0000000085f00000, 0x0000000085f00000, 0x0000000086000000|  0%| F|  |TAMS 0x0000000085f00000, 0x0000000085f00000| Untracked 
|  22|0x0000000086000000, 0x0000000086000000, 0x0000000086100000|  0%| F|  |TAMS 0x0000000086000000, 0x0000000086000000| Untracked 
|  23|0x0000000086100000, 0x0000000086100000, 0x0000000086200000|  0%| F|  |TAMS 0x0000000086100000, 0x0000000086100000| Untracked 
|  24|0x0000000086200000, 0x0000000086200000, 0x0000000086300000|  0%| F|  |TAMS 0x0000000086200000, 0x0000000086200000| Untracked 
|  25|0x0000000086300000, 0x0000000086300000, 0x0000000086400000|  0%| F|  |TAMS 0x0000000086300000, 0x0000000086300000| Untracked 
|  26|0x0000000086400000, 0x0000000086400000, 0x0000000086500000|  0%| F|  |TAMS 0x0000000086400000, 0x0000000086400000| Untracked 
|  27|0x0000000086500000, 0x0000000086500000, 0x0000000086600000|  0%| F|  |TAMS 0x0000000086500000, 0x0000000086500000| Untracked 
|  28|0x0000000086600000, 0x0000000086600000, 0x0000000086700000|  0%| F|  |TAMS 0x0000000086600000, 0x0000000086600000| Untracked 
|  29|0x0000000086700000, 0x0000000086700000, 0x0000000086800000|  0%| F|  |TAMS 0x0000000086700000, 0x0000000086700000| Untracked 
|  30|0x0000000086800000, 0x0000000086800000, 0x0000000086900000|  0%| F|  |TAMS 0x0000000086800000, 0x0000000086800000| Untracked 
|  31|0x0000000086900000, 0x0000000086900000, 0x0000000086a00000|  0%| F|  |TAMS 0x0000000086900000, 0x0000000086900000| Untracked 
|  32|0x0000000086a00000, 0x0000000086a00000, 0x0000000086b00000|  0%| F|  |TAMS 0x0000000086a00000, 0x0000000086a00000| Untracked 
|  33|0x0000000086b00000, 0x0000000086b00000, 0x0000000086c00000|  0%| F|  |TAMS 0x0000000086b00000, 0x0000000086b00000| Untracked 
|  34|0x0000000086c00000, 0x0000000086c00000, 0x0000000086d00000|  0%| F|  |TAMS 0x0000000086c00000, 0x0000000086c00000| Untracked 
|  35|0x0000000086d00000, 0x0000000086d00000, 0x0000000086e00000|  0%| F|  |TAMS 0x0000000086d00000, 0x0000000086d00000| Untracked 
|  36|0x0000000086e00000, 0x0000000086e00000, 0x0000000086f00000|  0%| F|  |TAMS 0x0000000086e00000, 0x0000000086e00000| Untracked 
|  37|0x0000000086f00000, 0x0000000086f00000, 0x0000000087000000|  0%| F|  |TAMS 0x0000000086f00000, 0x0000000086f00000| Untracked 
|  38|0x0000000087000000, 0x0000000087000000, 0x0000000087100000|  0%| F|  |TAMS 0x0000000087000000, 0x0000000087000000| Untracked 
|  39|0x0000000087100000, 0x0000000087100000, 0x0000000087200000|  0%| F|  |TAMS 0x0000000087100000, 0x0000000087100000| Untracked 
|  40|0x0000000087200000, 0x0000000087200000, 0x0000000087300000|  0%| F|  |TAMS 0x0000000087200000, 0x0000000087200000| Untracked 
|  41|0x0000000087300000, 0x0000000087300000, 0x0000000087400000|  0%| F|  |TAMS 0x0000000087300000, 0x0000000087300000| Untracked 
|  42|0x0000000087400000, 0x0000000087400000, 0x0000000087500000|  0%| F|  |TAMS 0x0000000087400000, 0x0000000087400000| Untracked 
|  43|0x0000000087500000, 0x0000000087500000, 0x0000000087600000|  0%| F|  |TAMS 0x0000000087500000, 0x0000000087500000| Untracked 
|  44|0x0000000087600000, 0x0000000087600000, 0x0000000087700000|  0%| F|  |TAMS 0x0000000087600000, 0x0000000087600000| Untracked 
|  45|0x0000000087700000, 0x0000000087700000, 0x0000000087800000|  0%| F|  |TAMS 0x0000000087700000, 0x0000000087700000| Untracked 
|  46|0x0000000087800000, 0x0000000087800000, 0x0000000087900000|  0%| F|  |TAMS 0x0000000087800000, 0x0000000087800000| Untracked 
|  47|0x0000000087900000, 0x0000000087900000, 0x0000000087a00000|  0%| F|  |TAMS 0x0000000087900000, 0x0000000087900000| Untracked 
|  48|0x0000000087a00000, 0x0000000087a8f5b0, 0x0000000087b00000| 55%| S|CS|TAMS 0x0000000087a00000, 0x0000000087a00000| Complete 
|  49|0x0000000087b00000, 0x0000000087c00000, 0x0000000087c00000|100%| S|CS|TAMS 0x0000000087b00000, 0x0000000087b00000| Complete 
|  50|0x0000000087c00000, 0x0000000087c00000, 0x0000000087d00000|  0%| F|  |TAMS 0x0000000087c00000, 0x0000000087c00000| Untracked 
|  51|0x0000000087d00000, 0x0000000087d00000, 0x0000000087e00000|  0%| F|  |TAMS 0x0000000087d00000, 0x0000000087d00000| Untracked 
|  52|0x0000000087e00000, 0x0000000087f00000, 0x0000000087f00000|100%| E|CS|TAMS 0x0000000087e00000, 0x0000000087e00000| Complete 
|  53|0x0000000087f00000, 0x0000000088000000, 0x0000000088000000|100%| E|CS|TAMS 0x0000000087f00000, 0x0000000087f00000| Complete 
|  54|0x0000000088000000, 0x0000000088100000, 0x0000000088100000|100%| E|CS|TAMS 0x0000000088000000, 0x0000000088000000| Complete 
|  55|0x0000000088100000, 0x0000000088200000, 0x0000000088200000|100%| E|CS|TAMS 0x0000000088100000, 0x0000000088100000| Complete 
|  56|0x0000000088200000, 0x0000000088300000, 0x0000000088300000|100%| E|CS|TAMS 0x0000000088200000, 0x0000000088200000| Complete 
|  57|0x0000000088300000, 0x0000000088400000, 0x0000000088400000|100%| E|CS|TAMS 0x0000000088300000, 0x0000000088300000| Complete 
|  58|0x0000000088400000, 0x0000000088500000, 0x0000000088500000|100%| E|CS|TAMS 0x0000000088400000, 0x0000000088400000| Complete 
|  59|0x0000000088500000, 0x0000000088600000, 0x0000000088600000|100%| E|CS|TAMS 0x0000000088500000, 0x0000000088500000| Complete 
|  60|0x0000000088600000, 0x0000000088700000, 0x0000000088700000|100%| E|CS|TAMS 0x0000000088600000, 0x0000000088600000| Complete 
|  61|0x0000000088700000, 0x0000000088800000, 0x0000000088800000|100%| E|CS|TAMS 0x0000000088700000, 0x0000000088700000| Complete 
|  62|0x0000000088800000, 0x0000000088900000, 0x0000000088900000|100%| E|CS|TAMS 0x0000000088800000, 0x0000000088800000| Complete 
|  63|0x0000000088900000, 0x0000000088a00000, 0x0000000088a00000|100%| E|CS|TAMS 0x0000000088900000, 0x0000000088900000| Complete 
|  64|0x0000000088a00000, 0x0000000088b00000, 0x0000000088b00000|100%| E|CS|TAMS 0x0000000088a00000, 0x0000000088a00000| Complete 
|  65|0x0000000088b00000, 0x0000000088c00000, 0x0000000088c00000|100%| E|CS|TAMS 0x0000000088b00000, 0x0000000088b00000| Complete 
|  66|0x0000000088c00000, 0x0000000088d00000, 0x0000000088d00000|100%| E|CS|TAMS 0x0000000088c00000, 0x0000000088c00000| Complete 
|  67|0x0000000088d00000, 0x0000000088e00000, 0x0000000088e00000|100%| E|CS|TAMS 0x0000000088d00000, 0x0000000088d00000| Complete 
|  68|0x0000000088e00000, 0x0000000088f00000, 0x0000000088f00000|100%| E|CS|TAMS 0x0000000088e00000, 0x0000000088e00000| Complete 
|  69|0x0000000088f00000, 0x0000000089000000, 0x0000000089000000|100%| E|CS|TAMS 0x0000000088f00000, 0x0000000088f00000| Complete 
|  70|0x0000000089000000, 0x0000000089100000, 0x0000000089100000|100%| E|CS|TAMS 0x0000000089000000, 0x0000000089000000| Complete 
|  71|0x0000000089100000, 0x0000000089200000, 0x0000000089200000|100%| E|CS|TAMS 0x0000000089100000, 0x0000000089100000| Complete 
|  72|0x0000000089200000, 0x0000000089300000, 0x0000000089300000|100%| E|CS|TAMS 0x0000000089200000, 0x0000000089200000| Complete 
|  73|0x0000000089300000, 0x0000000089400000, 0x0000000089400000|100%| E|CS|TAMS 0x0000000089300000, 0x0000000089300000| Complete 
|  74|0x0000000089400000, 0x0000000089500000, 0x0000000089500000|100%| E|CS|TAMS 0x0000000089400000, 0x0000000089400000| Complete 
|  75|0x0000000089500000, 0x0000000089600000, 0x0000000089600000|100%| E|CS|TAMS 0x0000000089500000, 0x0000000089500000| Complete 
|  76|0x0000000089600000, 0x0000000089700000, 0x0000000089700000|100%| E|CS|TAMS 0x0000000089600000, 0x0000000089600000| Complete 
|  77|0x0000000089700000, 0x0000000089800000, 0x0000000089800000|100%| E|CS|TAMS 0x0000000089700000, 0x0000000089700000| Complete 
|  78|0x0000000089800000, 0x0000000089900000, 0x0000000089900000|100%| E|CS|TAMS 0x0000000089800000, 0x0000000089800000| Complete 
|  79|0x0000000089900000, 0x0000000089a00000, 0x0000000089a00000|100%| E|CS|TAMS 0x0000000089900000, 0x0000000089900000| Complete 
|  80|0x0000000089a00000, 0x0000000089b00000, 0x0000000089b00000|100%| E|CS|TAMS 0x0000000089a00000, 0x0000000089a00000| Complete 
|  81|0x0000000089b00000, 0x0000000089c00000, 0x0000000089c00000|100%| E|CS|TAMS 0x0000000089b00000, 0x0000000089b00000| Complete 
|  82|0x0000000089c00000, 0x0000000089d00000, 0x0000000089d00000|100%| E|CS|TAMS 0x0000000089c00000, 0x0000000089c00000| Complete 
|  83|0x0000000089d00000, 0x0000000089e00000, 0x0000000089e00000|100%| E|CS|TAMS 0x0000000089d00000, 0x0000000089d00000| Complete 
|  84|0x0000000089e00000, 0x0000000089f00000, 0x0000000089f00000|100%| E|CS|TAMS 0x0000000089e00000, 0x0000000089e00000| Complete 
|  85|0x0000000089f00000, 0x000000008a000000, 0x000000008a000000|100%| E|CS|TAMS 0x0000000089f00000, 0x0000000089f00000| Complete 
|  86|0x000000008a000000, 0x000000008a100000, 0x000000008a100000|100%| E|CS|TAMS 0x000000008a000000, 0x000000008a000000| Complete 
|  87|0x000000008a100000, 0x000000008a200000, 0x000000008a200000|100%| E|CS|TAMS 0x000000008a100000, 0x000000008a100000| Complete 
|  88|0x000000008a200000, 0x000000008a300000, 0x000000008a300000|100%| E|CS|TAMS 0x000000008a200000, 0x000000008a200000| Complete 
|  89|0x000000008a300000, 0x000000008a400000, 0x000000008a400000|100%| E|CS|TAMS 0x000000008a300000, 0x000000008a300000| Complete 
|  90|0x000000008a400000, 0x000000008a500000, 0x000000008a500000|100%| E|CS|TAMS 0x000000008a400000, 0x000000008a400000| Complete 
|  91|0x000000008a500000, 0x000000008a600000, 0x000000008a600000|100%| E|CS|TAMS 0x000000008a500000, 0x000000008a500000| Complete 
|  92|0x000000008a600000, 0x000000008a700000, 0x000000008a700000|100%| E|CS|TAMS 0x000000008a600000, 0x000000008a600000| Complete 
|  93|0x000000008a700000, 0x000000008a800000, 0x000000008a800000|100%| E|CS|TAMS 0x000000008a700000, 0x000000008a700000| Complete 
|  94|0x000000008a800000, 0x000000008a900000, 0x000000008a900000|100%| E|CS|TAMS 0x000000008a800000, 0x000000008a800000| Complete 
|  95|0x000000008a900000, 0x000000008aa00000, 0x000000008aa00000|100%| E|CS|TAMS 0x000000008a900000, 0x000000008a900000| Complete 
|  96|0x000000008aa00000, 0x000000008ab00000, 0x000000008ab00000|100%| E|CS|TAMS 0x000000008aa00000, 0x000000008aa00000| Complete 
|  97|0x000000008ab00000, 0x000000008ac00000, 0x000000008ac00000|100%| E|CS|TAMS 0x000000008ab00000, 0x000000008ab00000| Complete 
|  98|0x000000008ac00000, 0x000000008ad00000, 0x000000008ad00000|100%| E|CS|TAMS 0x000000008ac00000, 0x000000008ac00000| Complete 
|  99|0x000000008ad00000, 0x000000008ae00000, 0x000000008ae00000|100%| E|CS|TAMS 0x000000008ad00000, 0x000000008ad00000| Complete 
| 100|0x000000008ae00000, 0x000000008af00000, 0x000000008af00000|100%| E|CS|TAMS 0x000000008ae00000, 0x000000008ae00000| Complete 
| 101|0x000000008af00000, 0x000000008b000000, 0x000000008b000000|100%| E|  |TAMS 0x000000008af00000, 0x000000008af00000| Complete 
| 102|0x000000008b000000, 0x000000008b100000, 0x000000008b100000|100%| E|CS|TAMS 0x000000008b000000, 0x000000008b000000| Complete 
| 103|0x000000008b100000, 0x000000008b200000, 0x000000008b200000|100%| E|CS|TAMS 0x000000008b100000, 0x000000008b100000| Complete 
| 104|0x000000008b200000, 0x000000008b300000, 0x000000008b300000|100%| E|CS|TAMS 0x000000008b200000, 0x000000008b200000| Complete 
| 105|0x000000008b300000, 0x000000008b400000, 0x000000008b400000|100%| E|CS|TAMS 0x000000008b300000, 0x000000008b300000| Complete 
| 106|0x000000008b400000, 0x000000008b500000, 0x000000008b500000|100%| E|CS|TAMS 0x000000008b400000, 0x000000008b400000| Complete 
| 107|0x000000008b500000, 0x000000008b600000, 0x000000008b600000|100%| E|CS|TAMS 0x000000008b500000, 0x000000008b500000| Complete 
| 108|0x000000008b600000, 0x000000008b700000, 0x000000008b700000|100%| E|CS|TAMS 0x000000008b600000, 0x000000008b600000| Complete 
| 109|0x000000008b700000, 0x000000008b800000, 0x000000008b800000|100%| E|CS|TAMS 0x000000008b700000, 0x000000008b700000| Complete 
| 110|0x000000008b800000, 0x000000008b900000, 0x000000008b900000|100%| E|CS|TAMS 0x000000008b800000, 0x000000008b800000| Complete 
| 111|0x000000008b900000, 0x000000008ba00000, 0x000000008ba00000|100%| E|CS|TAMS 0x000000008b900000, 0x000000008b900000| Complete 
| 112|0x000000008ba00000, 0x000000008bb00000, 0x000000008bb00000|100%| E|CS|TAMS 0x000000008ba00000, 0x000000008ba00000| Complete 
| 113|0x000000008bb00000, 0x000000008bc00000, 0x000000008bc00000|100%| E|CS|TAMS 0x000000008bb00000, 0x000000008bb00000| Complete 
| 114|0x000000008bc00000, 0x000000008bd00000, 0x000000008bd00000|100%| E|CS|TAMS 0x000000008bc00000, 0x000000008bc00000| Complete 
| 115|0x000000008bd00000, 0x000000008be00000, 0x000000008be00000|100%| E|CS|TAMS 0x000000008bd00000, 0x000000008bd00000| Complete 
| 116|0x000000008be00000, 0x000000008bf00000, 0x000000008bf00000|100%| E|CS|TAMS 0x000000008be00000, 0x000000008be00000| Complete 
| 117|0x000000008bf00000, 0x000000008c000000, 0x000000008c000000|100%| E|CS|TAMS 0x000000008bf00000, 0x000000008bf00000| Complete 
| 118|0x000000008c000000, 0x000000008c100000, 0x000000008c100000|100%| E|CS|TAMS 0x000000008c000000, 0x000000008c000000| Complete 
| 119|0x000000008c100000, 0x000000008c200000, 0x000000008c200000|100%| E|CS|TAMS 0x000000008c100000, 0x000000008c100000| Complete 
| 120|0x000000008c200000, 0x000000008c300000, 0x000000008c300000|100%| E|CS|TAMS 0x000000008c200000, 0x000000008c200000| Complete 
| 121|0x000000008c300000, 0x000000008c400000, 0x000000008c400000|100%| E|CS|TAMS 0x000000008c300000, 0x000000008c300000| Complete 
| 122|0x000000008c400000, 0x000000008c500000, 0x000000008c500000|100%| E|CS|TAMS 0x000000008c400000, 0x000000008c400000| Complete 
| 123|0x000000008c500000, 0x000000008c600000, 0x000000008c600000|100%| E|CS|TAMS 0x000000008c500000, 0x000000008c500000| Complete 

Card table byte_map: [0x00000225f6290000,0x00000225f6670000] _byte_map_base: 0x00000225f5e6b000

Marking Bits (Prev, Next): (CMBitMap*) 0x00000225df6eadb0, (CMBitMap*) 0x00000225df6eadf0
 Prev Bits: [0x00000225f6a50000, 0x00000225f8928000)
 Next Bits: [0x00000225f8930000, 0x00000225fa808000)

Polling page: 0x00000225dee90000

Metaspace:

Usage:
  Non-class:      1.58 MB used.
      Class:    124.14 KB used.
       Both:      1.70 MB used.

Virtual space:
  Non-class space:        8.00 MB reserved,       1.62 MB ( 20%) committed,  1 nodes.
      Class space:        1.00 GB reserved,     192.00 KB ( <1%) committed,  1 nodes.
             Both:        1.01 GB reserved,       1.81 MB ( <1%) committed. 

Chunk freelists:
   Non-Class:  3.96 MB
       Class:  3.73 MB
        Both:  7.69 MB

MaxMetaspaceSize: unlimited
CompressedClassSpaceSize: 1.00 GB
Initial GC threshold: 21.00 MB
Current GC threshold: 21.00 MB
CDS: on
MetaspaceReclaimPolicy: balanced
 - commit_granule_bytes: 65536.
 - commit_granule_words: 8192.
 - virtual_space_node_default_size: 1048576.
 - enlarge_chunks_in_place: 1.
 - new_chunks_are_fully_committed: 0.
 - uncommit_free_chunks: 1.
 - use_allocation_guard: 0.
 - handle_deallocations: 1.


Internal statistics:

num_allocs_failed_limit: 0.
num_arena_births: 18.
num_arena_deaths: 0.
num_vsnodes_births: 2.
num_vsnodes_deaths: 0.
num_space_committed: 29.
num_space_uncommitted: 0.
num_chunks_returned_to_freelist: 0.
num_chunks_taken_from_freelist: 28.
num_chunk_merges: 0.
num_chunk_splits: 15.
num_chunks_enlarged: 6.
num_purges: 0.
num_inconsistent_stats: 0.

CodeHeap 'non-profiled nmethods': size=120000Kb used=686Kb max_used=686Kb free=119314Kb
 bounds [0x00000225ee980000, 0x00000225eebf0000, 0x00000225f5eb0000]
CodeHeap 'profiled nmethods': size=120000Kb used=1846Kb max_used=1846Kb free=118153Kb
 bounds [0x00000225e7450000, 0x00000225e76c0000, 0x00000225ee980000]
CodeHeap 'non-nmethods': size=5760Kb used=1127Kb max_used=1174Kb free=4633Kb
 bounds [0x00000225e6eb0000, 0x00000225e7120000, 0x00000225e7450000]
 total_blobs=1484 nmethods=1074 adapters=323
 compilation: enabled
              stopped_count=0, restarted_count=0
 full_count=0

Compilation events (20 events):
Event: 1.147 Thread 0x00000225fd98ce00 nmethod 1048 0x00000225eea16310 code [0x00000225eea164a0, 0x00000225eea166f8]
Event: 1.148 Thread 0x00000225fcc99f80 1050   !   4       java.io.BufferedWriter::write (117 bytes)
Event: 1.148 Thread 0x00000225fcc9d640 1049       3       sun.nio.cs.StreamDecoder::implRead (243 bytes)
Event: 1.148 Thread 0x00000225fcc9d640 nmethod 1049 0x00000225e7618010 code [0x00000225e76182a0, 0x00000225e76190b8]
Event: 1.153 Thread 0x00000225fd98ce00 1051   !   4       jdk.internal.ref.Cleaner::clean (35 bytes)
Event: 1.153 Thread 0x00000225fcc99f80 nmethod 1050 0x00000225eea16910 code [0x00000225eea16aa0, 0x00000225eea17158]
Event: 1.153 Thread 0x00000225fcc99f80 1052  s    4       jdk.internal.ref.Cleaner::remove (89 bytes)
Event: 1.157 Thread 0x00000225fcc99f80 nmethod 1052 0x00000225eea17710 code [0x00000225eea178a0, 0x00000225eea17ef8]
Event: 1.165 Thread 0x00000225fcc99f80 1053  s    4       java.io.BufferedOutputStream::flush (12 bytes)
Event: 1.166 Thread 0x00000225fd98ce00 nmethod 1051 0x00000225eea18010 code [0x00000225eea18220, 0x00000225eea19430]
Event: 1.166 Thread 0x00000225fcc99f80 nmethod 1053 0x00000225eea19a10 code [0x00000225eea19ba0, 0x00000225eea19ee8]
Event: 1.174 Thread 0x00000225fcc99f80 1054       4       java.lang.System::getSecurityManager (12 bytes)
Event: 1.174 Thread 0x00000225fcc99f80 nmethod 1054 0x00000225eea1a110 code [0x00000225eea1a280, 0x00000225eea1a2f8]
Event: 1.180 Thread 0x00000225fcc99f80 1055       4       java.util.HashMap::resize (356 bytes)
Event: 1.185 Thread 0x00000225fd98ce00 1056       4       java.util.HashMap$HashIterator::hasNext (13 bytes)
Event: 1.185 Thread 0x00000225fd98ce00 nmethod 1056 0x00000225eea1a410 code [0x00000225eea1a580, 0x00000225eea1a618]
Event: 1.194 Thread 0x00000225fcc99f80 nmethod 1055 0x00000225eea1a710 code [0x00000225eea1a8e0, 0x00000225eea1b5b8]
Event: 1.228 Thread 0x00000225fcc99f80 1057   !   4       sun.nio.ch.FileChannelImpl::read (106 bytes)
Event: 1.260 Thread 0x00000225fd98ce00 1058       4       sun.nio.ch.FileChannelImpl::endBlocking (13 bytes)
Event: 1.262 Thread 0x00000225fd98ce00 nmethod 1058 0x00000225eea1b910 code [0x00000225eea1baa0, 0x00000225eea1be08]

GC Heap History (12 events):
Event: 0.195 GC heap before
{Heap before GC invocations=0 (full 0):
 garbage-first heap   total 126976K, used 13312K [0x0000000084a00000, 0x0000000100000000)
  region size 1024K, 13 young (13312K), 0 survivors (0K)
 Metaspace       used 1227K, committed 1408K, reserved 1056768K
  class space    used 107K, committed 192K, reserved 1048576K
}
Event: 0.197 GC heap after
{Heap after GC invocations=1 (full 0):
 garbage-first heap   total 126976K, used 912K [0x0000000084a00000, 0x0000000100000000)
  region size 1024K, 1 young (1024K), 1 survivors (1024K)
 Metaspace       used 1227K, committed 1408K, reserved 1056768K
  class space    used 107K, committed 192K, reserved 1048576K
}
Event: 0.288 GC heap before
{Heap before GC invocations=1 (full 0):
 garbage-first heap   total 126976K, used 19344K [0x0000000084a00000, 0x0000000100000000)
  region size 1024K, 20 young (20480K), 1 survivors (1024K)
 Metaspace       used 1333K, committed 1472K, reserved 1056768K
  class space    used 107K, committed 192K, reserved 1048576K
}
Event: 0.290 GC heap after
{Heap after GC invocations=2 (full 0):
 garbage-first heap   total 126976K, used 1024K [0x0000000084a00000, 0x0000000100000000)
  region size 1024K, 1 young (1024K), 1 survivors (1024K)
 Metaspace       used 1333K, committed 1472K, reserved 1056768K
  class space    used 107K, committed 192K, reserved 1048576K
}
Event: 0.578 GC heap before
{Heap before GC invocations=2 (full 0):
 garbage-first heap   total 126976K, used 75776K [0x0000000084a00000, 0x0000000100000000)
  region size 1024K, 74 young (75776K), 1 survivors (1024K)
 Metaspace       used 1498K, committed 1664K, reserved 1056768K
  class space    used 107K, committed 192K, reserved 1048576K
}
Event: 0.580 GC heap after
{Heap after GC invocations=3 (full 0):
 garbage-first heap   total 126976K, used 1016K [0x0000000084a00000, 0x0000000100000000)
  region size 1024K, 1 young (1024K), 1 survivors (1024K)
 Metaspace       used 1498K, committed 1664K, reserved 1056768K
  class space    used 107K, committed 192K, reserved 1048576K
}
Event: 0.811 GC heap before
{Heap before GC invocations=3 (full 0):
 garbage-first heap   total 126976K, used 75768K [0x0000000084a00000, 0x0000000100000000)
  region size 1024K, 74 young (75776K), 1 survivors (1024K)
 Metaspace       used 1508K, committed 1664K, reserved 1056768K
  class space    used 107K, committed 192K, reserved 1048576K
}
Event: 0.812 GC heap after
{Heap after GC invocations=4 (full 0):
 garbage-first heap   total 126976K, used 1117K [0x0000000084a00000, 0x0000000100000000)
  region size 1024K, 2 young (2048K), 2 survivors (2048K)
 Metaspace       used 1508K, committed 1664K, reserved 1056768K
  class space    used 107K, committed 192K, reserved 1048576K
}
Event: 0.986 GC heap before
{Heap before GC invocations=4 (full 0):
 garbage-first heap   total 126976K, used 73821K [0x0000000084a00000, 0x0000000100000000)
  region size 1024K, 74 young (75776K), 2 survivors (2048K)
 Metaspace       used 1511K, committed 1664K, reserved 1056768K
  class space    used 108K, committed 192K, reserved 1048576K
}
Event: 0.987 GC heap after
{Heap after GC invocations=5 (full 0):
 garbage-first heap   total 126976K, used 1024K [0x0000000084a00000, 0x0000000100000000)
  region size 1024K, 1 young (1024K), 1 survivors (1024K)
 Metaspace       used 1511K, committed 1664K, reserved 1056768K
  class space    used 108K, committed 192K, reserved 1048576K
}
Event: 1.151 GC heap before
{Heap before GC invocations=5 (full 0):
 garbage-first heap   total 126976K, used 74752K [0x0000000084a00000, 0x0000000100000000)
  region size 1024K, 74 young (75776K), 1 survivors (1024K)
 Metaspace       used 1740K, committed 1856K, reserved 1056768K
  class space    used 124K, committed 192K, reserved 1048576K
}
Event: 1.153 GC heap after
{Heap after GC invocations=6 (full 0):
 garbage-first heap   total 126976K, used 1597K [0x0000000084a00000, 0x0000000100000000)
  region size 1024K, 2 young (2048K), 2 survivors (2048K)
 Metaspace       used 1740K, committed 1856K, reserved 1056768K
  class space    used 124K, committed 192K, reserved 1048576K
}

Deoptimization events (20 events):
Event: 1.101 Thread 0x00000225fcc8b400 Uncommon trap: trap_request=0xffffffde fr.pc=0x00000225ee98bd3c relative=0x000000000000065c
Event: 1.101 Thread 0x00000225fcc8b400 Uncommon trap: reason=class_check action=maybe_recompile pc=0x00000225ee98bd3c method=java.util.HashMap.putVal(ILjava/lang/Object;Ljava/lang/Object;ZZ)Ljava/lang/Object; @ 152 c2
Event: 1.101 Thread 0x00000225fcc8b400 DEOPT PACKING pc=0x00000225ee98bd3c sp=0x000000c89fafe8e0
Event: 1.101 Thread 0x00000225fcc8b400 DEOPT UNPACKING pc=0x00000225e6f023a3 sp=0x000000c89fafe860 mode 2
Event: 1.101 Thread 0x00000225fcc8b400 Uncommon trap: trap_request=0xffffffde fr.pc=0x00000225ee98bd3c relative=0x000000000000065c
Event: 1.101 Thread 0x00000225fcc8b400 Uncommon trap: reason=class_check action=maybe_recompile pc=0x00000225ee98bd3c method=java.util.HashMap.putVal(ILjava/lang/Object;Ljava/lang/Object;ZZ)Ljava/lang/Object; @ 152 c2
Event: 1.101 Thread 0x00000225fcc8b400 DEOPT PACKING pc=0x00000225ee98bd3c sp=0x000000c89fafe8e0
Event: 1.101 Thread 0x00000225fcc8b400 DEOPT UNPACKING pc=0x00000225e6f023a3 sp=0x000000c89fafe860 mode 2
Event: 1.136 Thread 0x00000225df6aa810 Uncommon trap: trap_request=0xffffff45 fr.pc=0x00000225ee9da680 relative=0x0000000000003820
Event: 1.136 Thread 0x00000225df6aa810 Uncommon trap: reason=unstable_if action=reinterpret pc=0x00000225ee9da680 method=java.nio.file.FileChannelLinesSpliterator$1.read(Ljava/nio/ByteBuffer;)I @ 27 c2
Event: 1.136 Thread 0x00000225df6aa810 DEOPT PACKING pc=0x00000225ee9da680 sp=0x000000c89f0fdb90
Event: 1.136 Thread 0x00000225df6aa810 DEOPT UNPACKING pc=0x00000225e6f023a3 sp=0x000000c89f0fdac8 mode 2
Event: 1.136 Thread 0x00000225fd963a90 Uncommon trap: trap_request=0xffffff45 fr.pc=0x00000225ee9d1ce0 relative=0x0000000000002d20
Event: 1.136 Thread 0x00000225fd963a90 Uncommon trap: reason=unstable_if action=reinterpret pc=0x00000225ee9d1ce0 method=java.nio.file.FileChannelLinesSpliterator$1.read(Ljava/nio/ByteBuffer;)I @ 27 c2
Event: 1.136 Thread 0x00000225fd963a90 DEOPT PACKING pc=0x00000225ee9d1ce0 sp=0x000000c8a06ff1d0
Event: 1.136 Thread 0x00000225fd963a90 DEOPT UNPACKING pc=0x00000225e6f023a3 sp=0x000000c8a06ff188 mode 2
Event: 1.136 Thread 0x00000225fd95d800 Uncommon trap: trap_request=0xffffff45 fr.pc=0x00000225ee9e6a54 relative=0x0000000000002af4
Event: 1.137 Thread 0x00000225fd95d800 Uncommon trap: reason=unstable_if action=reinterpret pc=0x00000225ee9e6a54 method=java.nio.file.FileChannelLinesSpliterator$1.read(Ljava/nio/ByteBuffer;)I @ 27 c2
Event: 1.137 Thread 0x00000225fd95d800 DEOPT PACKING pc=0x00000225ee9e6a54 sp=0x000000c8a04feab0
Event: 1.137 Thread 0x00000225fd95d800 DEOPT UNPACKING pc=0x00000225e6f023a3 sp=0x000000c8a04feb10 mode 2

Classes unloaded (0 events):
No events

Classes redefined (0 events):
No events

Internal exceptions (4 events):
Event: 0.102 Thread 0x00000225fd939980 Exception <a 'java/lang/NoSuchMethodError'{0x000000008c4ccaa0}: 'java.lang.Object java.lang.invoke.DirectMethodHandle$Holder.invokeStaticInit(java.lang.Object)'> (0x000000008c4ccaa0) 
thrown [t:\workspace\open\src\hotspot\share\interpreter\linkResolver.cpp, line 766]
Event: 0.107 Thread 0x00000225df6aa810 Exception <a 'java/lang/NoSuchMethodError'{0x000000008c4b87b0}: 'long java.lang.invoke.DirectMethodHandle$Holder.invokeStatic(java.lang.Object, java.lang.Object, java.lang.Object)'> (0x000000008c4b87b0) 
thrown [t:\workspace\open\src\hotspot\share\interpreter\linkResolver.cpp, line 766]
Event: 0.108 Thread 0x00000225fd939980 Exception <a 'java/lang/NoSuchMethodError'{0x000000008c4da808}: 'void java.lang.invoke.DirectMethodHandle$Holder.invokeStatic(java.lang.Object, java.lang.Object)'> (0x000000008c4da808) 
thrown [t:\workspace\open\src\hotspot\share\interpreter\linkResolver.cpp, line 766]
Event: 0.116 Thread 0x00000225df6aa810 Exception <a 'java/lang/NoSuchMethodError'{0x000000008c30a228}: 'java.lang.Object java.lang.invoke.Invokers$Holder.invoke_MT(java.lang.Object, java.lang.Object, java.lang.Object)'> (0x000000008c30a228) 
thrown [t:\workspace\open\src\hotspot\share\interpreter\linkResolver.cpp, line 766]

VM Operations (18 events):
Event: 0.059 Executing VM operation: HandshakeAllThreads
Event: 0.059 Executing VM operation: HandshakeAllThreads done
Event: 0.101 Executing VM operation: HandshakeAllThreads
Event: 0.101 Executing VM operation: HandshakeAllThreads done
Event: 0.195 Executing VM operation: G1CollectForAllocation
Event: 0.197 Executing VM operation: G1CollectForAllocation done
Event: 0.288 Executing VM operation: G1CollectForAllocation
Event: 0.290 Executing VM operation: G1CollectForAllocation done
Event: 0.578 Executing VM operation: G1CollectForAllocation
Event: 0.580 Executing VM operation: G1CollectForAllocation done
Event: 0.811 Executing VM operation: G1CollectForAllocation
Event: 0.812 Executing VM operation: G1CollectForAllocation done
Event: 0.985 Executing VM operation: G1CollectForAllocation
Event: 0.987 Executing VM operation: G1CollectForAllocation done
Event: 1.087 Executing VM operation: HandshakeAllThreads
Event: 1.087 Executing VM operation: HandshakeAllThreads done
Event: 1.151 Executing VM operation: G1CollectForAllocation
Event: 1.153 Executing VM operation: G1CollectForAllocation done

Events (20 events):
Event: 1.096 loading class sun/util/locale/provider/TimeZoneNameProviderImpl done
Event: 1.096 loading class sun/util/cldr/CLDRTimeZoneNameProviderImpl done
Event: 1.098 loading class sun/util/locale/provider/BaseLocaleDataMetaInfo
Event: 1.098 loading class sun/util/locale/provider/BaseLocaleDataMetaInfo done
Event: 1.099 loading class sun/util/resources/cldr/TimeZoneNames
Event: 1.099 loading class sun/util/resources/TimeZoneNamesBundle
Event: 1.099 loading class sun/util/resources/OpenListResourceBundle
Event: 1.099 loading class sun/util/resources/OpenListResourceBundle done
Event: 1.099 loading class sun/util/resources/TimeZoneNamesBundle done
Event: 1.099 loading class sun/util/resources/cldr/TimeZoneNames done
Event: 1.100 loading class sun/util/resources/cldr/TimeZoneNames_en
Event: 1.100 loading class sun/util/resources/cldr/TimeZoneNames_en done
Event: 1.100 loading class sun/util/resources/cldr/TimeZoneNames_en_US
Event: 1.100 loading class sun/util/resources/cldr/TimeZoneNames_en_US done
Event: 1.101 loading class java/util/LinkedHashMap$LinkedKeySet
Event: 1.101 loading class java/util/LinkedHashMap$LinkedKeySet done
Event: 1.101 loading class sun/util/resources/TimeZoneNames
Event: 1.102 loading class sun/util/resources/TimeZoneNames done
Event: 1.102 loading class sun/util/resources/TimeZoneNames_en
Event: 1.102 loading class sun/util/resources/TimeZoneNames_en done


Dynamic libraries:
0x00007ff6ff8d0000 - 0x00007ff6ff8de000 	C:\Users\Tilman\.jdks\openjdk-17.0.1\bin\java.exe
0x00007ffb07050000 - 0x00007ffb07248000 	C:\WINDOWS\SYSTEM32\ntdll.dll
0x00007ffb06300000 - 0x00007ffb063bd000 	C:\WINDOWS\System32\KERNEL32.DLL
0x00007ffb04c50000 - 0x00007ffb04f1e000 	C:\WINDOWS\System32\KERNELBASE.dll
0x00007ffb04940000 - 0x00007ffb04a40000 	C:\WINDOWS\System32\ucrtbase.dll
0x00007ffafdd80000 - 0x00007ffafdd98000 	C:\Users\Tilman\.jdks\openjdk-17.0.1\bin\jli.dll
0x00007ffafdcf0000 - 0x00007ffafdd0a000 	C:\Users\Tilman\.jdks\openjdk-17.0.1\bin\VCRUNTIME140.dll
0x00007ffb060c0000 - 0x00007ffb06260000 	C:\WINDOWS\System32\USER32.dll
0x00007ffaf4430000 - 0x00007ffaf46ca000 	C:\WINDOWS\WinSxS\amd64_microsoft.windows.common-controls_6595b64144ccf1df_6.0.19041.1110_none_60b5254171f9507e\COMCTL32.dll
0x00007ffb04770000 - 0x00007ffb04792000 	C:\WINDOWS\System32\win32u.dll
0x00007ffb06020000 - 0x00007ffb060be000 	C:\WINDOWS\System32\msvcrt.dll
0x00007ffb05fe0000 - 0x00007ffb0600a000 	C:\WINDOWS\System32\GDI32.dll
0x00007ffb04a40000 - 0x00007ffb04b4b000 	C:\WINDOWS\System32\gdi32full.dll
0x00007ffb047a0000 - 0x00007ffb0483d000 	C:\WINDOWS\System32\msvcp_win.dll
0x00007ffb05c00000 - 0x00007ffb05c30000 	C:\WINDOWS\System32\IMM32.DLL
0x00007ffaff8b0000 - 0x00007ffaff8bc000 	C:\Users\Tilman\.jdks\openjdk-17.0.1\bin\vcruntime140_1.dll
0x00007ffaece10000 - 0x00007ffaece9d000 	C:\Users\Tilman\.jdks\openjdk-17.0.1\bin\msvcp140.dll
0x00007ffa931d0000 - 0x00007ffa93d8e000 	C:\Users\Tilman\.jdks\openjdk-17.0.1\bin\server\jvm.dll
0x00007ffb05780000 - 0x00007ffb0582e000 	C:\WINDOWS\System32\ADVAPI32.dll
0x00007ffb06260000 - 0x00007ffb062fc000 	C:\WINDOWS\System32\sechost.dll
0x00007ffb05d00000 - 0x00007ffb05e25000 	C:\WINDOWS\System32\RPCRT4.dll
0x00007ffb06010000 - 0x00007ffb06018000 	C:\WINDOWS\System32\PSAPI.DLL
0x00007ffb01d50000 - 0x00007ffb01d59000 	C:\WINDOWS\SYSTEM32\WSOCK32.dll
0x00007ffafc2d0000 - 0x00007ffafc2f7000 	C:\WINDOWS\SYSTEM32\WINMM.dll
0x00007ffafe960000 - 0x00007ffafe96a000 	C:\WINDOWS\SYSTEM32\VERSION.dll
0x00007ffb06fa0000 - 0x00007ffb0700b000 	C:\WINDOWS\System32\WS2_32.dll
0x00007ffb02690000 - 0x00007ffb026a2000 	C:\WINDOWS\SYSTEM32\kernel.appcore.dll
0x00007ffaf4a40000 - 0x00007ffaf4a4a000 	C:\Users\Tilman\.jdks\openjdk-17.0.1\bin\jimage.dll
0x00007ffafa870000 - 0x00007ffafaa54000 	C:\WINDOWS\SYSTEM32\DBGHELP.DLL
0x00007ffaecf50000 - 0x00007ffaecf7c000 	C:\WINDOWS\SYSTEM32\dbgcore.DLL
0x00007ffb04b50000 - 0x00007ffb04bd2000 	C:\WINDOWS\System32\bcryptPrimitives.dll
0x00007ffb01bb0000 - 0x00007ffb01bbe000 	C:\Users\Tilman\.jdks\openjdk-17.0.1\bin\instrument.dll
0x00007ffaf1d50000 - 0x00007ffaf1d75000 	C:\Users\Tilman\.jdks\openjdk-17.0.1\bin\java.dll
0x00007ffae2520000 - 0x00007ffae25f6000 	C:\Users\Tilman\.jdks\openjdk-17.0.1\bin\svml.dll
0x00007ffb06420000 - 0x00007ffb06b64000 	C:\WINDOWS\System32\SHELL32.dll
0x00007ffb02890000 - 0x00007ffb03024000 	C:\WINDOWS\SYSTEM32\windows.storage.dll
0x00007ffb06c20000 - 0x00007ffb06f74000 	C:\WINDOWS\System32\combase.dll
0x00007ffb041d0000 - 0x00007ffb04200000 	C:\WINDOWS\SYSTEM32\Wldp.dll
0x00007ffb06b70000 - 0x00007ffb06c1d000 	C:\WINDOWS\System32\SHCORE.dll
0x00007ffb059d0000 - 0x00007ffb05a25000 	C:\WINDOWS\System32\shlwapi.dll
0x00007ffb046b0000 - 0x00007ffb046cf000 	C:\WINDOWS\SYSTEM32\profapi.dll
0x00007ffaeeb20000 - 0x00007ffaeeb38000 	C:\Users\Tilman\.jdks\openjdk-17.0.1\bin\zip.dll
0x00007ffaeeb60000 - 0x00007ffaeeb79000 	C:\Users\Tilman\.jdks\openjdk-17.0.1\bin\net.dll
0x00007ffafe340000 - 0x00007ffafe44a000 	C:\WINDOWS\SYSTEM32\WINHTTP.dll
0x00007ffb03f30000 - 0x00007ffb03f9a000 	C:\WINDOWS\system32\mswsock.dll
0x00007ffaeeb40000 - 0x00007ffaeeb55000 	C:\Users\Tilman\.jdks\openjdk-17.0.1\bin\nio.dll
0x00007ffafdd30000 - 0x00007ffafdd4a000 	C:\Program Files\JetBrains\IntelliJ IDEA 2021.2.3\bin\breakgen64.dll

dbghelp: loaded successfully - version: 4.0.5 - missing functions: none
symbol engine: initialized successfully - sym options: 0x614 - pdb path: .;C:\Users\Tilman\.jdks\openjdk-17.0.1\bin;C:\WINDOWS\SYSTEM32;C:\WINDOWS\WinSxS\amd64_microsoft.windows.common-controls_6595b64144ccf1df_6.0.19041.1110_none_60b5254171f9507e;C:\Users\Tilman\.jdks\openjdk-17.0.1\bin\server;C:\Program Files\JetBrains\IntelliJ IDEA 2021.2.3\bin

VM Arguments:
jvm_args: -javaagent:C:\Program Files\JetBrains\IntelliJ IDEA 2021.2.3\lib\idea_rt.jar=61751:C:\Program Files\JetBrains\IntelliJ IDEA 2021.2.3\bin -Dfile.encoding=UTF-8 
java_command: de.holube.ex.ex11.LineCounterMain
java_class_path (initial): C:\Users\Tilman\IdeaProjects\FJT\target\classes
Launcher Type: SUN_STANDARD

[Global flags]
     intx CICompilerCount                          = 3                                         {product} {ergonomic}
     uint ConcGCThreads                            = 1                                         {product} {ergonomic}
     uint G1ConcRefinementThreads                  = 4                                         {product} {ergonomic}
   size_t G1HeapRegionSize                         = 1048576                                   {product} {ergonomic}
    uintx GCDrainStackTargetSize                   = 64                                        {product} {ergonomic}
   size_t InitialHeapSize                          = 130023424                                 {product} {ergonomic}
   size_t MarkStackSize                            = 4194304                                   {product} {ergonomic}
   size_t MaxHeapSize                              = 2069889024                                {product} {ergonomic}
   size_t MaxNewSize                               = 1241513984                                {product} {ergonomic}
   size_t MinHeapDeltaBytes                        = 1048576                                   {product} {ergonomic}
   size_t MinHeapSize                              = 8388608                                   {product} {ergonomic}
    uintx NonNMethodCodeHeapSize                   = 5832780                                {pd product} {ergonomic}
    uintx NonProfiledCodeHeapSize                  = 122912730                              {pd product} {ergonomic}
    uintx ProfiledCodeHeapSize                     = 122912730                              {pd product} {ergonomic}
    uintx ReservedCodeCacheSize                    = 251658240                              {pd product} {ergonomic}
     bool SegmentedCodeCache                       = true                                      {product} {ergonomic}
   size_t SoftMaxHeapSize                          = 2069889024                             {manageable} {ergonomic}
     bool UseCompressedClassPointers               = true                           {product lp64_product} {ergonomic}
     bool UseCompressedOops                        = true                           {product lp64_product} {ergonomic}
     bool UseG1GC                                  = true                                      {product} {ergonomic}
     bool UseLargePagesIndividualAllocation        = false                                  {pd product} {ergonomic}

Logging:
Log output configuration:
 #0: stdout all=warning uptime,level,tags
 #1: stderr all=off uptime,level,tags

Environment Variables:
JAVA_HOME=C:\Program Files\Java\jdk-17.0.2
PATH=C:\Program Files (x86)\Common Files\Oracle\Java\javapath;C:\Program Files (x86)\Razer Chroma SDK\bin;C:\Program Files\Razer Chroma SDK\bin;C:\Windows\system32;C:\Windows;C:\Windows\System32\Wbem;C:\Windows\System32\WindowsPowerShell\v1.0\;C:\WINDOWS\system32;C:\WINDOWS;C:\WINDOWS\System32\Wbem;C:\WINDOWS\System32\WindowsPowerShell\v1.0\;C:\Program Files\dotnet\;C:\WINDOWS\System32\OpenSSH\;C:\WINDOWS\system32\config\systemprofile\AppData\Local\Microsoft\WindowsApps;C:\Program Files\NVIDIA Corporation\NVIDIA NvDLISR;C:\Program Files\Microsoft SQL Server\120\Tools\Binn\;C:\WINDOWS\system32;C:\WINDOWS;C:\WINDOWS\System32\Wbem;C:\WINDOWS\System32\WindowsPowerShell\v1.0\;C:\WINDOWS\System32\OpenSSH\;C:\Program Files\nodejs\;C:\Program Files\z3-4.8.10-x64-win\bin;C:\Program Files\Git\cmd;C:\Program Files\Java\jdk-17.0.2\bin;C:\Users\Tilman\AppData\Local\Microsoft\WindowsApps;C:\Users\Tilman\AppData\Local\atom\bin;C:\Users\Tilman\AppData\Local\Microsoft\WindowsApps;C:\Users\Tilman\AppData\Local\Programs\Microsoft VS Code\bin;C:\Users\Tilman\AppData\Roaming\npm;C:\texlive\2021\bin\win32
USERNAME=Tilman
OS=Windows_NT
PROCESSOR_IDENTIFIER=Intel64 Family 6 Model 158 Stepping 9, GenuineIntel



---------------  S Y S T E M  ---------------

OS:
 Windows 10 , 64 bit Build 19041 (10.0.19041.1806)
OS uptime: 0 days 3:43 hours

CPU: total 4 (initial active 4) (4 cores per cpu, 1 threads per core) family 6 model 158 stepping 9 microcode 0xb4, cx8, cmov, fxsr, mmx, 3dnowpref, sse, sse2, sse3, ssse3, sse4.1, sse4.2, popcnt, lzcnt, tsc, tscinvbit, avx, avx2, aes, erms, clmul, bmi1, bmi2, adx, fma, vzeroupper, clflush, clflushopt

Memory: 4k page, system-wide physical 7895M (1531M free)
TotalPageFile size 24087M (AvailPageFile size 13891M)
current process WorkingSet (physical memory assigned to process): 130M, peak: 132M
current process commit charge ("private bytes"): 217M, peak: 221M

vm_info: OpenJDK 64-Bit Server VM (17.0.1+12-39) for windows-amd64 JRE (17.0.1+12-39), built on Sep 27 2021 18:39:29 by "mach5one" with MS VC++ 16.8 (VS2019)

END.
